mode: set
github.com/paularlott/cli/arguments.go:19.42,21.2 1 1
github.com/paularlott/cli/arguments.go:23.43,25.2 1 1
github.com/paularlott/cli/arguments.go:27.46,29.2 1 1
github.com/paularlott/cli/arguments.go:32.46,35.2 2 1
github.com/paularlott/cli/arguments.go:37.58,38.26 1 1
github.com/paularlott/cli/arguments.go:38.26,40.3 1 1
github.com/paularlott/cli/arguments.go:41.2,41.12 1 1
github.com/paularlott/cli/command.go:42.54,44.16 2 1
github.com/paularlott/cli/command.go:44.16,46.3 1 1
github.com/paularlott/cli/command.go:49.2,49.73 1 1
github.com/paularlott/cli/command.go:49.73,52.3 2 1
github.com/paularlott/cli/command.go:55.2,55.67 1 1
github.com/paularlott/cli/command.go:55.67,58.3 2 1
github.com/paularlott/cli/command.go:61.2,61.92 1 1
github.com/paularlott/cli/command.go:61.92,64.3 2 0
github.com/paularlott/cli/command.go:67.2,68.16 2 1
github.com/paularlott/cli/command.go:68.16,70.3 1 1
github.com/paularlott/cli/command.go:74.2,74.39 1 1
github.com/paularlott/cli/command.go:74.39,75.108 1 1
github.com/paularlott/cli/command.go:75.108,77.4 1 1
github.com/paularlott/cli/command.go:78.3,78.95 1 1
github.com/paularlott/cli/command.go:78.95,80.4 1 1
github.com/paularlott/cli/command.go:84.2,89.49 4 1
github.com/paularlott/cli/command.go:89.49,90.39 1 1
github.com/paularlott/cli/command.go:90.39,92.9 2 1
github.com/paularlott/cli/command.go:96.2,96.19 1 1
github.com/paularlott/cli/command.go:96.19,97.32 1 1
github.com/paularlott/cli/command.go:97.32,99.4 1 1
github.com/paularlott/cli/command.go:99.9,103.47 2 1
github.com/paularlott/cli/command.go:103.47,105.29 2 0
github.com/paularlott/cli/command.go:105.29,107.6 1 0
github.com/paularlott/cli/command.go:111.4,111.66 1 1
github.com/paularlott/cli/command.go:111.66,113.5 1 1
github.com/paularlott/cli/command.go:113.10,113.67 1 1
github.com/paularlott/cli/command.go:113.67,115.5 1 1
github.com/paularlott/cli/command.go:115.10,116.31 1 0
github.com/paularlott/cli/command.go:116.31,118.6 1 0
github.com/paularlott/cli/command.go:118.11,120.6 1 0
github.com/paularlott/cli/command.go:126.2,126.49 1 1
github.com/paularlott/cli/command.go:126.49,127.40 1 1
github.com/paularlott/cli/command.go:127.40,129.9 2 1
github.com/paularlott/cli/command.go:133.2,133.45 1 1
github.com/paularlott/cli/command.go:136.39,138.16 2 1
github.com/paularlott/cli/command.go:138.16,140.3 1 0
github.com/paularlott/cli/command.go:142.2,142.12 1 1
github.com/paularlott/cli/command.go:145.84,147.19 2 1
github.com/paularlott/cli/command.go:147.19,149.3 1 1
github.com/paularlott/cli/command.go:152.2,156.33 3 1
github.com/paularlott/cli/command.go:156.33,166.3 1 1
github.com/paularlott/cli/command.go:168.2,168.65 1 1
github.com/paularlott/cli/command.go:168.65,177.3 1 1
github.com/paularlott/cli/command.go:180.2,181.21 2 1
github.com/paularlott/cli/command.go:181.21,183.3 1 1
github.com/paularlott/cli/command.go:186.2,191.37 4 1
github.com/paularlott/cli/command.go:191.37,192.63 1 1
github.com/paularlott/cli/command.go:192.63,194.4 1 1
github.com/paularlott/cli/command.go:198.2,198.25 1 1
github.com/paularlott/cli/command.go:198.25,202.49 2 0
github.com/paularlott/cli/command.go:202.49,204.38 1 0
github.com/paularlott/cli/command.go:204.38,206.5 1 0
github.com/paularlott/cli/command.go:207.4,207.25 1 0
github.com/paularlott/cli/command.go:210.3,210.20 1 0
github.com/paularlott/cli/command.go:210.20,211.39 1 0
github.com/paularlott/cli/command.go:211.39,212.65 1 0
github.com/paularlott/cli/command.go:212.65,214.27 2 0
github.com/paularlott/cli/command.go:214.27,215.37 1 0
github.com/paularlott/cli/command.go:215.37,216.52 1 0
github.com/paularlott/cli/command.go:216.52,218.38 2 0
github.com/paularlott/cli/command.go:218.38,219.21 1 0
github.com/paularlott/cli/command.go:219.21,220.35 1 0
github.com/paularlott/cli/command.go:221.30,222.37 1 0
github.com/paularlott/cli/command.go:222.37,224.13 1 0
github.com/paularlott/cli/command.go:225.25,226.37 1 0
github.com/paularlott/cli/command.go:226.37,228.13 1 0
github.com/paularlott/cli/command.go:229.19,229.19 0 0
github.com/paularlott/cli/command.go:231.16,233.11 1 0
github.com/paularlott/cli/command.go:244.2,245.37 2 1
github.com/paularlott/cli/command.go:245.37,246.63 1 1
github.com/paularlott/cli/command.go:246.63,248.4 1 1
github.com/paularlott/cli/command.go:248.9,250.4 1 1
github.com/paularlott/cli/command.go:254.2,258.37 3 1
github.com/paularlott/cli/command.go:258.37,259.38 1 1
github.com/paularlott/cli/command.go:259.38,260.64 1 1
github.com/paularlott/cli/command.go:260.64,261.26 1 1
github.com/paularlott/cli/command.go:261.26,263.6 1 1
github.com/paularlott/cli/command.go:264.10,264.67 1 1
github.com/paularlott/cli/command.go:264.67,266.5 1 1
github.com/paularlott/cli/command.go:270.2,270.73 1 1
github.com/paularlott/cli/command.go:275.94,286.20 8 1
github.com/paularlott/cli/command.go:286.20,290.18 2 1
github.com/paularlott/cli/command.go:290.18,293.9 2 1
github.com/paularlott/cli/command.go:297.3,297.34 1 1
github.com/paularlott/cli/command.go:297.34,301.4 2 1
github.com/paularlott/cli/command.go:301.9,304.44 2 1
github.com/paularlott/cli/command.go:304.44,305.27 1 1
github.com/paularlott/cli/command.go:305.27,307.41 1 1
github.com/paularlott/cli/command.go:307.41,308.26 1 1
github.com/paularlott/cli/command.go:308.26,310.8 1 1
github.com/paularlott/cli/command.go:314.6,319.11 5 1
github.com/paularlott/cli/command.go:323.4,323.14 1 1
github.com/paularlott/cli/command.go:323.14,325.34 1 1
github.com/paularlott/cli/command.go:325.34,328.6 1 1
github.com/paularlott/cli/command.go:329.5,329.49 1 1
github.com/paularlott/cli/command.go:333.3,333.6 1 1
github.com/paularlott/cli/command.go:337.2,342.57 5 1
github.com/paularlott/cli/command.go:346.93,349.34 2 1
github.com/paularlott/cli/command.go:349.34,354.38 2 1
github.com/paularlott/cli/command.go:354.38,357.4 2 1
github.com/paularlott/cli/command.go:360.3,364.21 3 1
github.com/paularlott/cli/command.go:364.21,366.49 1 1
github.com/paularlott/cli/command.go:366.49,368.86 1 1
github.com/paularlott/cli/command.go:368.86,371.6 2 1
github.com/paularlott/cli/command.go:374.8,380.25 3 1
github.com/paularlott/cli/command.go:380.25,383.22 3 1
github.com/paularlott/cli/command.go:383.22,384.50 1 1
github.com/paularlott/cli/command.go:384.50,386.87 1 1
github.com/paularlott/cli/command.go:386.87,389.7 2 1
github.com/paularlott/cli/command.go:395.2,395.15 1 1
github.com/paularlott/cli/command.go:399.79,401.37 1 1
github.com/paularlott/cli/command.go:401.37,402.33 1 1
github.com/paularlott/cli/command.go:402.33,404.4 1 1
github.com/paularlott/cli/command.go:405.3,405.43 1 1
github.com/paularlott/cli/command.go:405.43,406.25 1 1
github.com/paularlott/cli/command.go:406.25,408.5 1 1
github.com/paularlott/cli/command.go:413.2,413.43 1 1
github.com/paularlott/cli/command.go:413.43,414.33 1 0
github.com/paularlott/cli/command.go:414.33,416.4 1 0
github.com/paularlott/cli/command.go:417.3,417.43 1 0
github.com/paularlott/cli/command.go:417.43,418.25 1 0
github.com/paularlott/cli/command.go:418.25,420.5 1 0
github.com/paularlott/cli/command.go:425.2,425.31 1 1
github.com/paularlott/cli/command.go:425.31,426.22 1 1
github.com/paularlott/cli/command.go:426.22,427.34 1 1
github.com/paularlott/cli/command.go:427.34,429.5 1 1
github.com/paularlott/cli/command.go:430.4,430.44 1 0
github.com/paularlott/cli/command.go:430.44,431.26 1 0
github.com/paularlott/cli/command.go:431.26,433.6 1 0
github.com/paularlott/cli/command.go:438.2,438.12 1 1
github.com/paularlott/cli/command.go:442.38,444.2 1 1
github.com/paularlott/cli/command.go:447.45,450.2 2 1
github.com/paularlott/cli/command.go:452.44,455.2 2 1
github.com/paularlott/cli/command.go:457.41,458.29 1 1
github.com/paularlott/cli/command.go:458.29,460.3 1 1
github.com/paularlott/cli/command.go:461.2,461.10 1 1
github.com/paularlott/cli/command_getters.go:4.49,5.38 1 1
github.com/paularlott/cli/command_getters.go:5.38,6.30 1 1
github.com/paularlott/cli/command_getters.go:6.30,8.4 1 1
github.com/paularlott/cli/command_getters.go:10.2,10.11 1 1
github.com/paularlott/cli/command_getters.go:13.47,14.38 1 1
github.com/paularlott/cli/command_getters.go:14.38,15.29 1 1
github.com/paularlott/cli/command_getters.go:15.29,17.4 1 1
github.com/paularlott/cli/command_getters.go:19.2,19.10 1 1
github.com/paularlott/cli/command_getters.go:22.43,23.38 1 1
github.com/paularlott/cli/command_getters.go:23.38,24.27 1 1
github.com/paularlott/cli/command_getters.go:24.27,26.4 1 1
github.com/paularlott/cli/command_getters.go:28.2,28.10 1 1
github.com/paularlott/cli/command_getters.go:31.45,32.38 1 1
github.com/paularlott/cli/command_getters.go:32.38,33.28 1 1
github.com/paularlott/cli/command_getters.go:33.28,35.4 1 1
github.com/paularlott/cli/command_getters.go:37.2,37.10 1 1
github.com/paularlott/cli/command_getters.go:40.47,41.38 1 1
github.com/paularlott/cli/command_getters.go:41.38,42.29 1 1
github.com/paularlott/cli/command_getters.go:42.29,44.4 1 1
github.com/paularlott/cli/command_getters.go:46.2,46.10 1 1
github.com/paularlott/cli/command_getters.go:49.47,50.38 1 1
github.com/paularlott/cli/command_getters.go:50.38,51.29 1 1
github.com/paularlott/cli/command_getters.go:51.29,53.4 1 1
github.com/paularlott/cli/command_getters.go:55.2,55.10 1 1
github.com/paularlott/cli/command_getters.go:58.49,59.38 1 1
github.com/paularlott/cli/command_getters.go:59.38,60.30 1 1
github.com/paularlott/cli/command_getters.go:60.30,62.4 1 1
github.com/paularlott/cli/command_getters.go:64.2,64.10 1 1
github.com/paularlott/cli/command_getters.go:67.45,68.38 1 1
github.com/paularlott/cli/command_getters.go:68.38,69.28 1 1
github.com/paularlott/cli/command_getters.go:69.28,71.4 1 1
github.com/paularlott/cli/command_getters.go:73.2,73.10 1 1
github.com/paularlott/cli/command_getters.go:76.47,77.38 1 1
github.com/paularlott/cli/command_getters.go:77.38,78.29 1 1
github.com/paularlott/cli/command_getters.go:78.29,80.4 1 1
github.com/paularlott/cli/command_getters.go:82.2,82.10 1 1
github.com/paularlott/cli/command_getters.go:85.49,86.38 1 1
github.com/paularlott/cli/command_getters.go:86.38,87.30 1 1
github.com/paularlott/cli/command_getters.go:87.30,89.4 1 1
github.com/paularlott/cli/command_getters.go:91.2,91.10 1 1
github.com/paularlott/cli/command_getters.go:94.49,95.38 1 1
github.com/paularlott/cli/command_getters.go:95.38,96.30 1 1
github.com/paularlott/cli/command_getters.go:96.30,98.4 1 1
github.com/paularlott/cli/command_getters.go:100.2,100.10 1 1
github.com/paularlott/cli/command_getters.go:103.51,104.38 1 1
github.com/paularlott/cli/command_getters.go:104.38,105.31 1 1
github.com/paularlott/cli/command_getters.go:105.31,107.4 1 1
github.com/paularlott/cli/command_getters.go:109.2,109.12 1 1
github.com/paularlott/cli/command_getters.go:112.51,113.38 1 1
github.com/paularlott/cli/command_getters.go:113.38,114.31 1 1
github.com/paularlott/cli/command_getters.go:114.31,116.4 1 1
github.com/paularlott/cli/command_getters.go:118.2,118.12 1 1
github.com/paularlott/cli/command_getters.go:121.45,122.38 1 1
github.com/paularlott/cli/command_getters.go:122.38,123.28 1 1
github.com/paularlott/cli/command_getters.go:123.28,125.4 1 1
github.com/paularlott/cli/command_getters.go:127.2,127.14 1 1
github.com/paularlott/cli/command_getters.go:131.56,132.38 1 1
github.com/paularlott/cli/command_getters.go:132.38,133.32 1 0
github.com/paularlott/cli/command_getters.go:133.32,135.4 1 0
github.com/paularlott/cli/command_getters.go:137.2,137.12 1 1
github.com/paularlott/cli/command_getters.go:140.50,141.38 1 1
github.com/paularlott/cli/command_getters.go:141.38,142.29 1 0
github.com/paularlott/cli/command_getters.go:142.29,144.4 1 0
github.com/paularlott/cli/command_getters.go:146.2,146.12 1 1
github.com/paularlott/cli/command_getters.go:149.52,150.38 1 1
github.com/paularlott/cli/command_getters.go:150.38,151.30 1 1
github.com/paularlott/cli/command_getters.go:151.30,153.4 1 1
github.com/paularlott/cli/command_getters.go:155.2,155.12 1 1
github.com/paularlott/cli/command_getters.go:158.54,159.38 1 1
github.com/paularlott/cli/command_getters.go:159.38,160.31 1 1
github.com/paularlott/cli/command_getters.go:160.31,162.4 1 1
github.com/paularlott/cli/command_getters.go:164.2,164.12 1 1
github.com/paularlott/cli/command_getters.go:167.54,168.38 1 1
github.com/paularlott/cli/command_getters.go:168.38,169.31 1 1
github.com/paularlott/cli/command_getters.go:169.31,171.4 1 1
github.com/paularlott/cli/command_getters.go:173.2,173.12 1 1
github.com/paularlott/cli/command_getters.go:176.54,177.38 1 1
github.com/paularlott/cli/command_getters.go:177.38,178.31 1 1
github.com/paularlott/cli/command_getters.go:178.31,180.4 1 1
github.com/paularlott/cli/command_getters.go:182.2,182.12 1 1
github.com/paularlott/cli/command_getters.go:185.52,186.38 1 1
github.com/paularlott/cli/command_getters.go:186.38,187.30 1 1
github.com/paularlott/cli/command_getters.go:187.30,189.4 1 1
github.com/paularlott/cli/command_getters.go:191.2,191.12 1 1
github.com/paularlott/cli/command_getters.go:194.54,195.38 1 1
github.com/paularlott/cli/command_getters.go:195.38,196.31 1 1
github.com/paularlott/cli/command_getters.go:196.31,198.4 1 1
github.com/paularlott/cli/command_getters.go:200.2,200.12 1 1
github.com/paularlott/cli/command_getters.go:203.56,204.38 1 1
github.com/paularlott/cli/command_getters.go:204.38,205.32 1 1
github.com/paularlott/cli/command_getters.go:205.32,207.4 1 1
github.com/paularlott/cli/command_getters.go:209.2,209.12 1 1
github.com/paularlott/cli/command_getters.go:212.56,213.38 1 1
github.com/paularlott/cli/command_getters.go:213.38,214.32 1 1
github.com/paularlott/cli/command_getters.go:214.32,216.4 1 1
github.com/paularlott/cli/command_getters.go:218.2,218.12 1 1
github.com/paularlott/cli/command_getters.go:221.56,222.38 1 1
github.com/paularlott/cli/command_getters.go:222.38,223.32 1 1
github.com/paularlott/cli/command_getters.go:223.32,225.4 1 1
github.com/paularlott/cli/command_getters.go:227.2,227.12 1 1
github.com/paularlott/cli/command_getters.go:230.58,231.38 1 1
github.com/paularlott/cli/command_getters.go:231.38,232.33 1 1
github.com/paularlott/cli/command_getters.go:232.33,234.4 1 1
github.com/paularlott/cli/command_getters.go:236.2,236.12 1 1
github.com/paularlott/cli/command_getters.go:239.58,240.38 1 1
github.com/paularlott/cli/command_getters.go:240.38,241.33 1 1
github.com/paularlott/cli/command_getters.go:241.33,243.4 1 1
github.com/paularlott/cli/command_getters.go:245.2,245.12 1 1
github.com/paularlott/cli/command_getters.go:249.52,250.37 1 1
github.com/paularlott/cli/command_getters.go:250.37,251.30 1 1
github.com/paularlott/cli/command_getters.go:251.30,253.4 1 1
github.com/paularlott/cli/command_getters.go:255.2,255.11 1 1
github.com/paularlott/cli/command_getters.go:258.48,259.37 1 1
github.com/paularlott/cli/command_getters.go:259.37,260.28 1 1
github.com/paularlott/cli/command_getters.go:260.28,262.4 1 1
github.com/paularlott/cli/command_getters.go:264.2,264.14 1 1
github.com/paularlott/cli/command_getters.go:267.50,268.37 1 1
github.com/paularlott/cli/command_getters.go:268.37,269.29 1 1
github.com/paularlott/cli/command_getters.go:269.29,271.4 1 1
github.com/paularlott/cli/command_getters.go:273.2,273.10 1 1
github.com/paularlott/cli/command_getters.go:276.46,277.37 1 1
github.com/paularlott/cli/command_getters.go:277.37,278.27 1 1
github.com/paularlott/cli/command_getters.go:278.27,280.4 1 1
github.com/paularlott/cli/command_getters.go:282.2,282.10 1 1
github.com/paularlott/cli/command_getters.go:285.50,286.37 1 1
github.com/paularlott/cli/command_getters.go:286.37,287.29 1 1
github.com/paularlott/cli/command_getters.go:287.29,289.4 1 1
github.com/paularlott/cli/command_getters.go:291.2,291.10 1 1
github.com/paularlott/cli/command_getters.go:294.50,295.37 1 1
github.com/paularlott/cli/command_getters.go:295.37,296.29 1 1
github.com/paularlott/cli/command_getters.go:296.29,298.4 1 1
github.com/paularlott/cli/command_getters.go:300.2,300.10 1 1
github.com/paularlott/cli/command_getters.go:303.48,304.37 1 1
github.com/paularlott/cli/command_getters.go:304.37,305.28 1 1
github.com/paularlott/cli/command_getters.go:305.28,307.4 1 1
github.com/paularlott/cli/command_getters.go:309.2,309.10 1 1
github.com/paularlott/cli/command_getters.go:312.52,313.37 1 1
github.com/paularlott/cli/command_getters.go:313.37,314.30 1 1
github.com/paularlott/cli/command_getters.go:314.30,316.4 1 1
github.com/paularlott/cli/command_getters.go:318.2,318.10 1 1
github.com/paularlott/cli/command_getters.go:321.48,322.37 1 1
github.com/paularlott/cli/command_getters.go:322.37,323.28 1 1
github.com/paularlott/cli/command_getters.go:323.28,325.4 1 1
github.com/paularlott/cli/command_getters.go:327.2,327.10 1 1
github.com/paularlott/cli/command_getters.go:330.52,331.37 1 1
github.com/paularlott/cli/command_getters.go:331.37,332.30 1 1
github.com/paularlott/cli/command_getters.go:332.30,334.4 1 1
github.com/paularlott/cli/command_getters.go:336.2,336.10 1 1
github.com/paularlott/cli/command_getters.go:339.52,340.37 1 1
github.com/paularlott/cli/command_getters.go:340.37,341.30 1 1
github.com/paularlott/cli/command_getters.go:341.30,343.4 1 1
github.com/paularlott/cli/command_getters.go:345.2,345.10 1 1
github.com/paularlott/cli/command_getters.go:348.50,349.37 1 1
github.com/paularlott/cli/command_getters.go:349.37,350.29 1 1
github.com/paularlott/cli/command_getters.go:350.29,352.4 1 1
github.com/paularlott/cli/command_getters.go:354.2,354.10 1 1
github.com/paularlott/cli/command_getters.go:357.54,358.37 1 1
github.com/paularlott/cli/command_getters.go:358.37,359.31 1 1
github.com/paularlott/cli/command_getters.go:359.31,361.4 1 1
github.com/paularlott/cli/command_getters.go:363.2,363.10 1 1
github.com/paularlott/cli/command_getters.go:366.54,367.37 1 1
github.com/paularlott/cli/command_getters.go:367.37,368.31 1 1
github.com/paularlott/cli/command_getters.go:368.31,370.4 1 1
github.com/paularlott/cli/command_getters.go:372.2,372.10 1 1
github.com/paularlott/cli/command_help.go:8.30,11.37 2 1
github.com/paularlott/cli/command_help.go:11.37,13.3 1 1
github.com/paularlott/cli/command_help.go:14.2,18.19 3 1
github.com/paularlott/cli/command_help.go:18.19,20.3 1 1
github.com/paularlott/cli/command_help.go:21.2,29.22 5 1
github.com/paularlott/cli/command_help.go:29.22,31.3 1 1
github.com/paularlott/cli/command_help.go:34.2,34.34 1 1
github.com/paularlott/cli/command_help.go:34.34,35.23 1 1
github.com/paularlott/cli/command_help.go:35.23,37.4 1 1
github.com/paularlott/cli/command_help.go:37.9,39.4 1 0
github.com/paularlott/cli/command_help.go:43.2,43.25 1 1
github.com/paularlott/cli/command_help.go:43.25,45.3 1 1
github.com/paularlott/cli/command_help.go:47.2,47.49 1 1
github.com/paularlott/cli/command_help.go:47.49,48.20 1 0
github.com/paularlott/cli/command_help.go:48.20,50.4 1 0
github.com/paularlott/cli/command_help.go:50.9,52.4 1 0
github.com/paularlott/cli/command_help.go:55.2,59.21 3 1
github.com/paularlott/cli/command_help.go:59.21,61.3 1 1
github.com/paularlott/cli/command_help.go:64.2,64.25 1 1
github.com/paularlott/cli/command_help.go:64.25,67.35 3 0
github.com/paularlott/cli/command_help.go:67.35,71.4 3 0
github.com/paularlott/cli/command_help.go:75.2,75.25 1 1
github.com/paularlott/cli/command_help.go:75.25,77.34 2 1
github.com/paularlott/cli/command_help.go:77.34,79.4 1 1
github.com/paularlott/cli/command_help.go:80.3,80.16 1 1
github.com/paularlott/cli/command_help.go:84.2,87.31 3 1
github.com/paularlott/cli/command_help.go:87.31,88.22 1 1
github.com/paularlott/cli/command_help.go:88.22,89.12 1 0
github.com/paularlott/cli/command_help.go:92.3,92.22 1 1
github.com/paularlott/cli/command_help.go:92.22,94.4 1 1
github.com/paularlott/cli/command_help.go:94.9,96.4 1 1
github.com/paularlott/cli/command_help.go:100.2,100.37 1 1
github.com/paularlott/cli/command_help.go:100.37,101.22 1 0
github.com/paularlott/cli/command_help.go:101.22,102.12 1 0
github.com/paularlott/cli/command_help.go:105.3,105.42 1 0
github.com/paularlott/cli/command_help.go:109.2,109.25 1 1
github.com/paularlott/cli/command_help.go:109.25,113.3 3 1
github.com/paularlott/cli/command_help.go:116.2,116.26 1 1
github.com/paularlott/cli/command_help.go:116.26,120.3 3 1
github.com/paularlott/cli/command_help.go:123.2,123.26 1 1
github.com/paularlott/cli/command_help.go:123.26,128.35 3 1
github.com/paularlott/cli/command_help.go:128.35,130.42 2 1
github.com/paularlott/cli/command_help.go:130.42,132.5 1 1
github.com/paularlott/cli/command_help.go:136.3,139.23 2 1
github.com/paularlott/cli/command_help.go:139.23,141.4 1 0
github.com/paularlott/cli/command_help.go:143.3,143.35 1 1
github.com/paularlott/cli/command_help.go:143.35,145.24 2 1
github.com/paularlott/cli/command_help.go:145.24,147.5 1 1
github.com/paularlott/cli/command_help.go:149.4,152.65 2 1
github.com/paularlott/cli/command_help.go:152.65,154.5 1 0
github.com/paularlott/cli/command_help.go:157.4,161.17 3 1
github.com/paularlott/cli/command_help.go:163.3,163.16 1 1
github.com/paularlott/cli/command_help.go:167.55,170.29 2 1
github.com/paularlott/cli/command_help.go:170.29,172.29 2 1
github.com/paularlott/cli/command_help.go:172.29,174.4 1 1
github.com/paularlott/cli/command_help.go:178.2,181.22 2 1
github.com/paularlott/cli/command_help.go:181.22,183.3 1 0
github.com/paularlott/cli/command_help.go:185.2,185.29 1 1
github.com/paularlott/cli/command_help.go:185.29,191.52 4 1
github.com/paularlott/cli/command_help.go:191.52,193.4 1 0
github.com/paularlott/cli/command_help.go:196.3,199.25 2 1
github.com/paularlott/cli/command_help.go:199.25,201.4 1 0
github.com/paularlott/cli/command_help.go:204.3,204.24 1 1
github.com/paularlott/cli/command_help.go:204.24,206.4 1 1
github.com/paularlott/cli/command_help.go:209.3,218.23 6 1
github.com/paularlott/cli/command_help.go:218.23,220.4 1 0
github.com/paularlott/cli/command_help.go:221.3,221.27 1 1
github.com/paularlott/cli/command_help.go:221.27,223.4 1 0
github.com/paularlott/cli/command_help.go:226.3,226.23 1 1
github.com/paularlott/cli/command_help.go:226.23,228.4 1 0
github.com/paularlott/cli/command_help.go:230.3,230.16 1 1
github.com/paularlott/cli/command_help.go:235.68,240.29 2 1
github.com/paularlott/cli/command_help.go:240.29,243.3 2 1
github.com/paularlott/cli/command_help.go:247.2,251.61 3 0
github.com/paularlott/cli/command_help.go:251.61,254.3 2 0
github.com/paularlott/cli/command_help.go:257.2,261.29 4 0
github.com/paularlott/cli/command_help.go:261.29,263.41 1 0
github.com/paularlott/cli/command_help.go:263.41,265.17 1 0
github.com/paularlott/cli/command_help.go:265.17,268.5 2 0
github.com/paularlott/cli/command_help.go:268.10,270.5 1 0
github.com/paularlott/cli/command_help.go:271.4,271.15 1 0
github.com/paularlott/cli/command_help.go:272.9,273.18 1 0
github.com/paularlott/cli/command_help.go:273.18,275.5 1 0
github.com/paularlott/cli/command_help.go:275.10,277.5 1 0
github.com/paularlott/cli/command_help.go:282.2,282.16 1 0
github.com/paularlott/cli/command_help.go:282.16,283.16 1 0
github.com/paularlott/cli/command_help.go:283.16,286.4 2 0
github.com/paularlott/cli/command_help.go:286.9,288.4 1 0
github.com/paularlott/cli/command_help.go:292.2,292.23 1 0
github.com/paularlott/cli/command_help.go:292.23,294.61 1 0
github.com/paularlott/cli/command_help.go:294.61,296.4 1 0
github.com/paularlott/cli/command_help.go:296.9,299.4 1 0
github.com/paularlott/cli/command_parse_args.go:8.62,12.34 2 1
github.com/paularlott/cli/command_parse_args.go:12.34,13.21 1 1
github.com/paularlott/cli/command_parse_args.go:13.21,14.24 1 1
github.com/paularlott/cli/command_parse_args.go:14.24,16.5 1 1
github.com/paularlott/cli/command_parse_args.go:17.4,17.9 1 1
github.com/paularlott/cli/command_parse_args.go:21.3,24.28 3 1
github.com/paularlott/cli/command_parse_args.go:25.19,27.27 2 1
github.com/paularlott/cli/command_parse_args.go:27.27,29.5 1 1
github.com/paularlott/cli/command_parse_args.go:30.16,32.18 2 1
github.com/paularlott/cli/command_parse_args.go:32.18,34.5 1 0
github.com/paularlott/cli/command_parse_args.go:35.4,36.27 2 1
github.com/paularlott/cli/command_parse_args.go:36.27,38.5 1 1
github.com/paularlott/cli/command_parse_args.go:39.17,41.18 2 1
github.com/paularlott/cli/command_parse_args.go:41.18,43.5 1 0
github.com/paularlott/cli/command_parse_args.go:44.4,45.27 2 1
github.com/paularlott/cli/command_parse_args.go:45.27,47.5 1 1
github.com/paularlott/cli/command_parse_args.go:48.18,50.18 2 1
github.com/paularlott/cli/command_parse_args.go:50.18,52.5 1 0
github.com/paularlott/cli/command_parse_args.go:53.4,54.27 2 1
github.com/paularlott/cli/command_parse_args.go:54.27,56.5 1 1
github.com/paularlott/cli/command_parse_args.go:57.18,59.18 2 1
github.com/paularlott/cli/command_parse_args.go:59.18,61.5 1 0
github.com/paularlott/cli/command_parse_args.go:62.4,63.27 2 1
github.com/paularlott/cli/command_parse_args.go:63.27,65.5 1 1
github.com/paularlott/cli/command_parse_args.go:66.18,68.18 2 1
github.com/paularlott/cli/command_parse_args.go:68.18,70.5 1 0
github.com/paularlott/cli/command_parse_args.go:71.4,72.27 2 1
github.com/paularlott/cli/command_parse_args.go:72.27,74.5 1 1
github.com/paularlott/cli/command_parse_args.go:75.17,77.18 2 1
github.com/paularlott/cli/command_parse_args.go:77.18,79.5 1 0
github.com/paularlott/cli/command_parse_args.go:80.4,81.27 2 1
github.com/paularlott/cli/command_parse_args.go:81.27,83.5 1 1
github.com/paularlott/cli/command_parse_args.go:84.18,86.18 2 1
github.com/paularlott/cli/command_parse_args.go:86.18,88.5 1 0
github.com/paularlott/cli/command_parse_args.go:89.4,90.27 2 1
github.com/paularlott/cli/command_parse_args.go:90.27,92.5 1 1
github.com/paularlott/cli/command_parse_args.go:93.19,95.18 2 1
github.com/paularlott/cli/command_parse_args.go:95.18,97.5 1 0
github.com/paularlott/cli/command_parse_args.go:98.4,99.27 2 1
github.com/paularlott/cli/command_parse_args.go:99.27,101.5 1 1
github.com/paularlott/cli/command_parse_args.go:102.19,104.18 2 1
github.com/paularlott/cli/command_parse_args.go:104.18,106.5 1 0
github.com/paularlott/cli/command_parse_args.go:107.4,108.27 2 1
github.com/paularlott/cli/command_parse_args.go:108.27,110.5 1 1
github.com/paularlott/cli/command_parse_args.go:111.19,113.18 2 1
github.com/paularlott/cli/command_parse_args.go:113.18,115.5 1 0
github.com/paularlott/cli/command_parse_args.go:116.4,117.27 2 1
github.com/paularlott/cli/command_parse_args.go:117.27,119.5 1 1
github.com/paularlott/cli/command_parse_args.go:120.20,122.18 2 1
github.com/paularlott/cli/command_parse_args.go:122.18,124.5 1 0
github.com/paularlott/cli/command_parse_args.go:125.4,126.27 2 1
github.com/paularlott/cli/command_parse_args.go:126.27,128.5 1 1
github.com/paularlott/cli/command_parse_args.go:129.20,131.18 2 1
github.com/paularlott/cli/command_parse_args.go:131.18,133.5 1 0
github.com/paularlott/cli/command_parse_args.go:134.4,135.27 2 1
github.com/paularlott/cli/command_parse_args.go:135.27,137.5 1 1
github.com/paularlott/cli/command_parse_args.go:138.17,140.18 2 1
github.com/paularlott/cli/command_parse_args.go:140.18,142.5 1 0
github.com/paularlott/cli/command_parse_args.go:143.4,144.27 2 1
github.com/paularlott/cli/command_parse_args.go:144.27,146.5 1 1
github.com/paularlott/cli/command_parse_args.go:151.2,151.34 1 1
github.com/paularlott/cli/command_parse_args.go:151.34,152.52 1 1
github.com/paularlott/cli/command_parse_args.go:152.52,153.45 1 1
github.com/paularlott/cli/command_parse_args.go:153.45,155.5 1 0
github.com/paularlott/cli/command_parse_args.go:159.2,159.18 1 1
github.com/paularlott/cli/command_parse_flags.go:9.63,17.31 5 1
github.com/paularlott/cli/command_parse_flags.go:17.31,19.3 1 1
github.com/paularlott/cli/command_parse_flags.go:21.2,21.37 1 1
github.com/paularlott/cli/command_parse_flags.go:21.37,23.3 1 1
github.com/paularlott/cli/command_parse_flags.go:25.2,26.20 2 1
github.com/paularlott/cli/command_parse_flags.go:26.20,30.18 2 1
github.com/paularlott/cli/command_parse_flags.go:30.18,32.9 2 1
github.com/paularlott/cli/command_parse_flags.go:36.3,36.35 1 1
github.com/paularlott/cli/command_parse_flags.go:36.35,42.52 4 1
github.com/paularlott/cli/command_parse_flags.go:42.52,46.5 3 1
github.com/paularlott/cli/command_parse_flags.go:48.4,49.15 2 1
github.com/paularlott/cli/command_parse_flags.go:49.15,51.5 1 1
github.com/paularlott/cli/command_parse_flags.go:53.4,53.79 1 1
github.com/paularlott/cli/command_parse_flags.go:53.79,55.5 1 0
github.com/paularlott/cli/command_parse_flags.go:56.9,56.57 1 1
github.com/paularlott/cli/command_parse_flags.go:56.57,61.35 2 1
github.com/paularlott/cli/command_parse_flags.go:61.35,64.16 3 1
github.com/paularlott/cli/command_parse_flags.go:64.16,66.6 1 0
github.com/paularlott/cli/command_parse_flags.go:69.5,74.15 4 1
github.com/paularlott/cli/command_parse_flags.go:74.15,75.25 1 1
github.com/paularlott/cli/command_parse_flags.go:76.21,76.21 0 1
github.com/paularlott/cli/command_parse_flags.go:78.14,80.64 1 1
github.com/paularlott/cli/command_parse_flags.go:80.64,84.8 3 1
github.com/paularlott/cli/command_parse_flags.go:88.5,88.80 1 1
github.com/paularlott/cli/command_parse_flags.go:88.80,90.6 1 0
github.com/paularlott/cli/command_parse_flags.go:92.9,95.4 1 1
github.com/paularlott/cli/command_parse_flags.go:97.3,97.6 1 1
github.com/paularlott/cli/command_parse_flags.go:100.2,102.27 2 1
github.com/paularlott/cli/command_parse_flags.go:105.129,106.36 1 1
github.com/paularlott/cli/command_parse_flags.go:106.36,107.16 1 1
github.com/paularlott/cli/command_parse_flags.go:107.16,108.63 1 1
github.com/paularlott/cli/command_parse_flags.go:108.63,110.5 1 0
github.com/paularlott/cli/command_parse_flags.go:111.4,112.8 2 1
github.com/paularlott/cli/command_parse_flags.go:116.2,116.50 1 1
github.com/paularlott/cli/command_suggest.go:14.37,14.49 1 1
github.com/paularlott/cli/command_suggest.go:15.39,15.60 1 1
github.com/paularlott/cli/command_suggest.go:18.102,21.31 2 1
github.com/paularlott/cli/command_suggest.go:21.31,23.3 1 1
github.com/paularlott/cli/command_suggest.go:28.2,29.41 2 1
github.com/paularlott/cli/command_suggest.go:29.41,33.22 2 1
github.com/paularlott/cli/command_suggest.go:33.22,35.4 1 0
github.com/paularlott/cli/command_suggest.go:38.2,47.28 4 1
github.com/paularlott/cli/command_suggest.go:47.28,49.20 1 0
github.com/paularlott/cli/command_suggest.go:49.20,51.4 1 0
github.com/paularlott/cli/command_suggest.go:54.2,54.20 1 1
github.com/paularlott/cli/command_suggest.go:57.84,59.27 2 0
github.com/paularlott/cli/command_suggest.go:59.27,61.3 1 0
github.com/paularlott/cli/command_suggest.go:61.8,62.42 1 0
github.com/paularlott/cli/command_suggest.go:62.42,64.4 1 0
github.com/paularlott/cli/command_suggest.go:66.2,68.15 3 0
github.com/paularlott/cli/completion.go:13.43,37.54 1 0
github.com/paularlott/cli/completion.go:37.54,41.30 2 0
github.com/paularlott/cli/completion.go:41.30,44.5 2 0
github.com/paularlott/cli/completion.go:44.10,44.34 1 0
github.com/paularlott/cli/completion.go:44.34,47.5 2 0
github.com/paularlott/cli/completion.go:50.4,52.34 2 0
github.com/paularlott/cli/completion.go:53.16,55.19 2 0
github.com/paularlott/cli/completion.go:55.19,60.6 4 0
github.com/paularlott/cli/completion.go:61.5,61.15 1 0
github.com/paularlott/cli/completion.go:62.15,64.19 2 0
github.com/paularlott/cli/completion.go:64.19,69.6 4 0
github.com/paularlott/cli/completion.go:70.5,70.15 1 0
github.com/paularlott/cli/completion.go:71.16,73.19 2 0
github.com/paularlott/cli/completion.go:73.19,78.6 4 0
github.com/paularlott/cli/completion.go:79.5,79.15 1 0
github.com/paularlott/cli/completion.go:80.22,82.19 2 0
github.com/paularlott/cli/completion.go:82.19,87.6 4 0
github.com/paularlott/cli/completion.go:88.5,88.15 1 0
github.com/paularlott/cli/completion.go:89.12,90.95 1 0
github.com/paularlott/cli/completion.go:97.58,106.33 5 0
github.com/paularlott/cli/completion.go:106.33,107.41 1 0
github.com/paularlott/cli/completion.go:107.41,108.12 1 0
github.com/paularlott/cli/completion.go:111.3,112.43 2 0
github.com/paularlott/cli/completion.go:112.43,113.27 1 0
github.com/paularlott/cli/completion.go:113.27,116.10 3 0
github.com/paularlott/cli/completion.go:120.3,120.13 1 0
github.com/paularlott/cli/completion.go:120.13,122.4 1 0
github.com/paularlott/cli/completion.go:126.2,126.42 1 0
github.com/paularlott/cli/completion.go:126.42,127.16 1 0
github.com/paularlott/cli/completion.go:128.15,130.26 1 0
github.com/paularlott/cli/completion.go:130.26,132.5 1 0
github.com/paularlott/cli/completion.go:132.10,134.5 1 0
github.com/paularlott/cli/completion.go:136.21,138.26 1 0
github.com/paularlott/cli/completion.go:138.26,140.5 1 0
github.com/paularlott/cli/completion.go:140.10,142.5 1 0
github.com/paularlott/cli/completion.go:144.11,146.28 1 0
github.com/paularlott/cli/completion.go:152.55,163.33 6 0
github.com/paularlott/cli/completion.go:163.33,164.41 1 0
github.com/paularlott/cli/completion.go:164.41,165.12 1 0
github.com/paularlott/cli/completion.go:168.3,168.38 1 0
github.com/paularlott/cli/completion.go:168.38,169.43 1 0
github.com/paularlott/cli/completion.go:169.43,171.5 1 0
github.com/paularlott/cli/completion.go:174.3,175.43 2 0
github.com/paularlott/cli/completion.go:175.43,176.27 1 0
github.com/paularlott/cli/completion.go:176.27,179.10 3 0
github.com/paularlott/cli/completion.go:183.3,183.13 1 0
github.com/paularlott/cli/completion.go:183.13,185.4 1 0
github.com/paularlott/cli/completion.go:189.2,189.37 1 0
github.com/paularlott/cli/completion.go:189.37,190.22 1 0
github.com/paularlott/cli/completion.go:190.22,191.12 1 0
github.com/paularlott/cli/completion.go:194.3,194.16 1 0
github.com/paularlott/cli/completion.go:195.15,196.29 1 0
github.com/paularlott/cli/completion.go:196.29,198.5 1 0
github.com/paularlott/cli/completion.go:198.10,200.5 1 0
github.com/paularlott/cli/completion.go:202.21,204.29 1 0
github.com/paularlott/cli/completion.go:204.29,206.5 1 0
github.com/paularlott/cli/completion.go:206.10,208.5 1 0
github.com/paularlott/cli/completion.go:210.11,211.40 1 0
github.com/paularlott/cli/completion.go:215.2,215.35 1 0
github.com/paularlott/cli/completion.go:215.35,216.16 1 0
github.com/paularlott/cli/completion.go:217.15,218.29 1 0
github.com/paularlott/cli/completion.go:218.29,220.5 1 0
github.com/paularlott/cli/completion.go:220.10,222.5 1 0
github.com/paularlott/cli/completion.go:224.11,225.40 1 0
github.com/paularlott/cli/completion.go:231.70,287.2 3 0
github.com/paularlott/cli/completion.go:290.69,351.2 3 0
github.com/paularlott/cli/completion.go:354.70,411.2 3 0
github.com/paularlott/cli/completion.go:414.76,496.2 5 0
github.com/paularlott/cli/configfile.go:49.43,54.2 4 1
github.com/paularlott/cli/configfile.go:57.55,60.25 2 1
github.com/paularlott/cli/configfile.go:60.25,62.3 1 1
github.com/paularlott/cli/configfile.go:62.8,64.3 1 1
github.com/paularlott/cli/configfile.go:66.2,69.74 2 1
github.com/paularlott/cli/configfile.go:69.74,71.3 1 1
github.com/paularlott/cli/configfile.go:74.2,77.29 3 1
github.com/paularlott/cli/configfile.go:77.29,79.21 2 1
github.com/paularlott/cli/configfile.go:79.21,81.4 1 1
github.com/paularlott/cli/configfile.go:81.9,86.4 1 1
github.com/paularlott/cli/configfile.go:87.3,87.40 1 1
github.com/paularlott/cli/configfile.go:87.40,89.35 2 1
github.com/paularlott/cli/configfile.go:89.35,91.5 1 1
github.com/paularlott/cli/configfile.go:95.2,95.11 1 1
github.com/paularlott/cli/configfile.go:98.43,99.17 1 1
github.com/paularlott/cli/configfile.go:99.17,103.18 3 1
github.com/paularlott/cli/configfile.go:103.18,105.22 2 1
github.com/paularlott/cli/configfile.go:105.22,107.5 1 1
github.com/paularlott/cli/configfile.go:109.4,110.18 2 1
github.com/paularlott/cli/configfile.go:110.18,112.5 1 0
github.com/paularlott/cli/configfile.go:114.4,114.61 1 1
github.com/paularlott/cli/configfile.go:114.61,116.5 1 0
github.com/paularlott/cli/configfile.go:118.4,119.25 2 1
github.com/paularlott/cli/configfile.go:123.2,123.12 1 1
github.com/paularlott/cli/configfile.go:126.39,127.37 1 1
github.com/paularlott/cli/configfile.go:127.37,130.3 1 1
github.com/paularlott/cli/configfile.go:132.2,136.16 4 1
github.com/paularlott/cli/configfile.go:136.16,138.3 1 0
github.com/paularlott/cli/configfile.go:140.2,140.53 1 1
github.com/paularlott/cli/configfile.go:143.44,145.17 2 1
github.com/paularlott/cli/configfile.go:145.17,147.3 1 1
github.com/paularlott/cli/configfile.go:149.2,149.19 1 1
github.com/paularlott/cli/configfile.go:152.101,153.27 1 1
github.com/paularlott/cli/configfile.go:153.27,155.42 1 1
github.com/paularlott/cli/configfile.go:155.42,156.47 1 1
github.com/paularlott/cli/configfile.go:156.47,158.5 1 1
github.com/paularlott/cli/configfile.go:158.10,160.5 1 0
github.com/paularlott/cli/configfile.go:161.9,163.4 1 0
github.com/paularlott/cli/configfile.go:166.2,166.22 1 1
github.com/paularlott/cli/configfile.go:169.60,170.37 1 1
github.com/paularlott/cli/configfile.go:170.37,172.3 1 0
github.com/paularlott/cli/configfile.go:175.2,179.75 4 1
github.com/paularlott/cli/configfile.go:179.75,180.56 1 1
github.com/paularlott/cli/configfile.go:180.56,182.4 1 1
github.com/paularlott/cli/configfile.go:185.2,185.19 1 1
github.com/paularlott/cli/configfile.go:188.56,189.37 1 1
github.com/paularlott/cli/configfile.go:189.37,191.3 1 0
github.com/paularlott/cli/configfile.go:193.2,194.16 2 1
github.com/paularlott/cli/configfile.go:194.16,197.14 3 0
github.com/paularlott/cli/configfile.go:197.14,199.4 1 0
github.com/paularlott/cli/configfile.go:203.2,204.25 2 1
github.com/paularlott/cli/configfile.go:204.25,206.3 1 1
github.com/paularlott/cli/configfile.go:208.2,208.15 1 1
github.com/paularlott/cli/configfile.go:211.65,217.41 3 1
github.com/paularlott/cli/configfile.go:217.41,218.46 1 1
github.com/paularlott/cli/configfile.go:218.46,219.51 1 0
github.com/paularlott/cli/configfile.go:219.51,221.5 1 0
github.com/paularlott/cli/configfile.go:221.10,223.5 1 0
github.com/paularlott/cli/configfile.go:224.9,229.4 3 1
github.com/paularlott/cli/configfile.go:233.2,235.12 2 1
github.com/paularlott/cli/configfile.go:238.55,239.37 1 1
github.com/paularlott/cli/configfile.go:239.37,241.3 1 0
github.com/paularlott/cli/configfile.go:244.2,248.75 4 1
github.com/paularlott/cli/configfile.go:248.75,250.3 1 1
github.com/paularlott/cli/configfile.go:252.2,252.12 1 1
github.com/paularlott/cli/configfile_nowatch.go:7.74,9.2 1 0
github.com/paularlott/cli/configfile_typed.go:16.61,23.27 5 1
github.com/paularlott/cli/configfile_typed.go:23.27,24.23 1 1
github.com/paularlott/cli/configfile_typed.go:24.23,26.9 2 1
github.com/paularlott/cli/configfile_typed.go:28.3,28.55 1 0
github.com/paularlott/cli/configfile_typed.go:28.55,30.4 1 0
github.com/paularlott/cli/configfile_typed.go:30.9,32.9 2 0
github.com/paularlott/cli/configfile_typed.go:36.2,36.22 1 1
github.com/paularlott/cli/configfile_typed.go:39.57,40.16 1 0
github.com/paularlott/cli/configfile_typed.go:40.16,42.25 2 0
github.com/paularlott/cli/configfile_typed.go:42.25,44.4 1 0
github.com/paularlott/cli/configfile_typed.go:45.3,45.16 1 0
github.com/paularlott/cli/configfile_typed.go:48.2,51.41 3 0
github.com/paularlott/cli/configfile_typed.go:51.41,52.55 1 0
github.com/paularlott/cli/configfile_typed.go:52.55,54.4 1 0
github.com/paularlott/cli/configfile_typed.go:54.9,56.4 1 0
github.com/paularlott/cli/configfile_typed.go:59.2,60.57 2 0
github.com/paularlott/cli/configfile_typed.go:60.57,62.25 2 0
github.com/paularlott/cli/configfile_typed.go:62.25,64.4 1 0
github.com/paularlott/cli/configfile_typed.go:65.3,65.16 1 0
github.com/paularlott/cli/configfile_typed.go:68.2,68.12 1 0
github.com/paularlott/cli/configfile_typed.go:71.66,72.16 1 1
github.com/paularlott/cli/configfile_typed.go:72.16,74.3 1 0
github.com/paularlott/cli/configfile_typed.go:76.2,79.27 3 1
github.com/paularlott/cli/configfile_typed.go:79.27,80.23 1 1
github.com/paularlott/cli/configfile_typed.go:80.23,83.4 2 1
github.com/paularlott/cli/configfile_typed.go:84.3,84.55 1 0
github.com/paularlott/cli/configfile_typed.go:84.55,86.4 1 0
github.com/paularlott/cli/configfile_typed.go:86.9,90.4 3 0
github.com/paularlott/cli/configfile_typed.go:93.2,93.12 1 0
github.com/paularlott/cli/configfile_typed.go:96.56,97.16 1 0
github.com/paularlott/cli/configfile_typed.go:97.16,99.3 1 0
github.com/paularlott/cli/configfile_typed.go:101.2,104.27 3 0
github.com/paularlott/cli/configfile_typed.go:104.27,105.23 1 0
github.com/paularlott/cli/configfile_typed.go:105.23,108.4 2 0
github.com/paularlott/cli/configfile_typed.go:109.3,109.55 1 0
github.com/paularlott/cli/configfile_typed.go:109.55,111.4 1 0
github.com/paularlott/cli/configfile_typed.go:111.9,113.4 1 0
github.com/paularlott/cli/configfile_typed.go:116.2,116.12 1 0
github.com/paularlott/cli/configfile_typed.go:119.40,120.16 1 0
github.com/paularlott/cli/configfile_typed.go:120.16,122.3 1 0
github.com/paularlott/cli/configfile_typed.go:123.2,123.12 1 0
github.com/paularlott/cli/configfile_typed.go:126.69,127.16 1 0
github.com/paularlott/cli/configfile_typed.go:127.16,129.3 1 0
github.com/paularlott/cli/configfile_typed.go:130.2,130.12 1 0
github.com/paularlott/cli/configfile_typed.go:133.45,135.2 1 0
github.com/paularlott/cli/configfile_typed.go:137.44,139.2 1 0
github.com/paularlott/cli/configfile_typed.go:214.73,218.2 1 1
github.com/paularlott/cli/configfile_typed.go:222.45,225.2 2 1
github.com/paularlott/cli/configfile_typed.go:228.72,231.2 2 1
github.com/paularlott/cli/configfile_typed.go:233.69,233.102 1 0
github.com/paularlott/cli/configfile_typed.go:234.69,234.101 1 0
github.com/paularlott/cli/configfile_typed.go:235.69,235.105 1 1
github.com/paularlott/cli/configfile_typed.go:236.69,236.103 1 1
github.com/paularlott/cli/configfile_typed.go:237.69,237.94 1 0
github.com/paularlott/cli/configfile_typed.go:238.76,240.2 1 0
github.com/paularlott/cli/configfile_typed.go:241.52,241.81 1 0
github.com/paularlott/cli/configfile_typed.go:244.39,248.31 2 1
github.com/paularlott/cli/configfile_typed.go:248.31,250.3 1 1
github.com/paularlott/cli/configfile_typed.go:253.2,253.26 1 1
github.com/paularlott/cli/configfile_typed.go:254.11,255.35 1 1
github.com/paularlott/cli/configfile_typed.go:255.35,257.4 1 0
github.com/paularlott/cli/configfile_typed.go:257.9,257.40 1 1
github.com/paularlott/cli/configfile_typed.go:257.40,259.4 1 1
github.com/paularlott/cli/configfile_typed.go:259.9,259.40 1 0
github.com/paularlott/cli/configfile_typed.go:259.40,261.4 1 0
github.com/paularlott/cli/configfile_typed.go:261.9,261.40 1 0
github.com/paularlott/cli/configfile_typed.go:261.40,263.4 1 0
github.com/paularlott/cli/configfile_typed.go:263.9,263.39 1 0
github.com/paularlott/cli/configfile_typed.go:263.39,265.4 1 0
github.com/paularlott/cli/configfile_typed.go:265.9,265.39 1 0
github.com/paularlott/cli/configfile_typed.go:265.39,267.4 1 0
github.com/paularlott/cli/configfile_typed.go:267.9,267.41 1 0
github.com/paularlott/cli/configfile_typed.go:267.41,269.4 1 0
github.com/paularlott/cli/configfile_typed.go:269.9,269.41 1 0
github.com/paularlott/cli/configfile_typed.go:269.41,271.4 1 0
github.com/paularlott/cli/configfile_typed.go:271.9,271.41 1 0
github.com/paularlott/cli/configfile_typed.go:271.41,273.4 1 0
github.com/paularlott/cli/configfile_typed.go:273.9,273.40 1 0
github.com/paularlott/cli/configfile_typed.go:273.40,275.4 1 0
github.com/paularlott/cli/configfile_typed.go:276.13,277.35 1 0
github.com/paularlott/cli/configfile_typed.go:277.35,279.4 1 0
github.com/paularlott/cli/configfile_typed.go:279.9,279.38 1 0
github.com/paularlott/cli/configfile_typed.go:279.38,281.4 1 0
github.com/paularlott/cli/configfile_typed.go:281.9,281.40 1 0
github.com/paularlott/cli/configfile_typed.go:281.40,283.4 1 0
github.com/paularlott/cli/configfile_typed.go:283.9,283.40 1 0
github.com/paularlott/cli/configfile_typed.go:283.40,285.4 1 0
github.com/paularlott/cli/configfile_typed.go:285.9,285.39 1 0
github.com/paularlott/cli/configfile_typed.go:285.39,287.4 1 0
github.com/paularlott/cli/configfile_typed.go:287.9,287.39 1 0
github.com/paularlott/cli/configfile_typed.go:287.39,289.4 1 0
github.com/paularlott/cli/configfile_typed.go:289.9,289.41 1 0
github.com/paularlott/cli/configfile_typed.go:289.41,291.4 1 0
github.com/paularlott/cli/configfile_typed.go:291.9,291.41 1 0
github.com/paularlott/cli/configfile_typed.go:291.41,293.4 1 0
github.com/paularlott/cli/configfile_typed.go:293.9,293.41 1 0
github.com/paularlott/cli/configfile_typed.go:293.41,295.4 1 0
github.com/paularlott/cli/configfile_typed.go:295.9,295.40 1 0
github.com/paularlott/cli/configfile_typed.go:295.40,297.4 1 0
github.com/paularlott/cli/configfile_typed.go:298.13,299.35 1 0
github.com/paularlott/cli/configfile_typed.go:299.35,301.4 1 0
github.com/paularlott/cli/configfile_typed.go:301.9,301.38 1 0
github.com/paularlott/cli/configfile_typed.go:301.38,303.4 1 0
github.com/paularlott/cli/configfile_typed.go:303.9,303.40 1 0
github.com/paularlott/cli/configfile_typed.go:303.40,305.4 1 0
github.com/paularlott/cli/configfile_typed.go:305.9,305.40 1 0
github.com/paularlott/cli/configfile_typed.go:305.40,307.4 1 0
github.com/paularlott/cli/configfile_typed.go:307.9,307.39 1 0
github.com/paularlott/cli/configfile_typed.go:307.39,309.4 1 0
github.com/paularlott/cli/configfile_typed.go:309.9,309.39 1 0
github.com/paularlott/cli/configfile_typed.go:309.39,311.4 1 0
github.com/paularlott/cli/configfile_typed.go:311.9,311.41 1 0
github.com/paularlott/cli/configfile_typed.go:311.41,313.4 1 0
github.com/paularlott/cli/configfile_typed.go:313.9,313.41 1 0
github.com/paularlott/cli/configfile_typed.go:313.41,315.4 1 0
github.com/paularlott/cli/configfile_typed.go:315.9,315.41 1 0
github.com/paularlott/cli/configfile_typed.go:315.41,317.4 1 0
github.com/paularlott/cli/configfile_typed.go:317.9,317.40 1 0
github.com/paularlott/cli/configfile_typed.go:317.40,319.4 1 0
github.com/paularlott/cli/configfile_typed.go:320.13,321.35 1 0
github.com/paularlott/cli/configfile_typed.go:321.35,323.4 1 0
github.com/paularlott/cli/configfile_typed.go:323.9,323.38 1 0
github.com/paularlott/cli/configfile_typed.go:323.38,325.4 1 0
github.com/paularlott/cli/configfile_typed.go:325.9,325.40 1 0
github.com/paularlott/cli/configfile_typed.go:325.40,327.4 1 0
github.com/paularlott/cli/configfile_typed.go:327.9,327.40 1 0
github.com/paularlott/cli/configfile_typed.go:327.40,329.4 1 0
github.com/paularlott/cli/configfile_typed.go:329.9,329.39 1 0
github.com/paularlott/cli/configfile_typed.go:329.39,331.4 1 0
github.com/paularlott/cli/configfile_typed.go:331.9,331.39 1 0
github.com/paularlott/cli/configfile_typed.go:331.39,333.4 1 0
github.com/paularlott/cli/configfile_typed.go:333.9,333.41 1 0
github.com/paularlott/cli/configfile_typed.go:333.41,335.4 1 0
github.com/paularlott/cli/configfile_typed.go:335.9,335.41 1 0
github.com/paularlott/cli/configfile_typed.go:335.41,337.4 1 0
github.com/paularlott/cli/configfile_typed.go:337.9,337.41 1 0
github.com/paularlott/cli/configfile_typed.go:337.41,339.4 1 0
github.com/paularlott/cli/configfile_typed.go:339.9,339.40 1 0
github.com/paularlott/cli/configfile_typed.go:339.40,341.4 1 0
github.com/paularlott/cli/configfile_typed.go:342.12,343.35 1 0
github.com/paularlott/cli/configfile_typed.go:343.35,345.4 1 0
github.com/paularlott/cli/configfile_typed.go:345.9,345.38 1 0
github.com/paularlott/cli/configfile_typed.go:345.38,347.4 1 0
github.com/paularlott/cli/configfile_typed.go:347.9,347.40 1 0
github.com/paularlott/cli/configfile_typed.go:347.40,349.4 1 0
github.com/paularlott/cli/configfile_typed.go:349.9,349.40 1 0
github.com/paularlott/cli/configfile_typed.go:349.40,351.4 1 0
github.com/paularlott/cli/configfile_typed.go:351.9,351.40 1 0
github.com/paularlott/cli/configfile_typed.go:351.40,353.4 1 0
github.com/paularlott/cli/configfile_typed.go:353.9,353.39 1 0
github.com/paularlott/cli/configfile_typed.go:353.39,355.4 1 0
github.com/paularlott/cli/configfile_typed.go:355.9,355.41 1 0
github.com/paularlott/cli/configfile_typed.go:355.41,357.4 1 0
github.com/paularlott/cli/configfile_typed.go:357.9,357.41 1 0
github.com/paularlott/cli/configfile_typed.go:357.41,359.4 1 0
github.com/paularlott/cli/configfile_typed.go:359.9,359.41 1 0
github.com/paularlott/cli/configfile_typed.go:359.41,361.4 1 0
github.com/paularlott/cli/configfile_typed.go:361.9,361.40 1 0
github.com/paularlott/cli/configfile_typed.go:361.40,363.4 1 0
github.com/paularlott/cli/configfile_typed.go:364.12,365.35 1 0
github.com/paularlott/cli/configfile_typed.go:365.35,367.4 1 0
github.com/paularlott/cli/configfile_typed.go:367.9,367.38 1 0
github.com/paularlott/cli/configfile_typed.go:367.38,369.4 1 0
github.com/paularlott/cli/configfile_typed.go:369.9,369.40 1 0
github.com/paularlott/cli/configfile_typed.go:369.40,371.4 1 0
github.com/paularlott/cli/configfile_typed.go:371.9,371.40 1 0
github.com/paularlott/cli/configfile_typed.go:371.40,373.4 1 0
github.com/paularlott/cli/configfile_typed.go:373.9,373.40 1 0
github.com/paularlott/cli/configfile_typed.go:373.40,375.4 1 0
github.com/paularlott/cli/configfile_typed.go:375.9,375.39 1 0
github.com/paularlott/cli/configfile_typed.go:375.39,377.4 1 0
github.com/paularlott/cli/configfile_typed.go:377.9,377.41 1 0
github.com/paularlott/cli/configfile_typed.go:377.41,379.4 1 0
github.com/paularlott/cli/configfile_typed.go:379.9,379.41 1 0
github.com/paularlott/cli/configfile_typed.go:379.41,381.4 1 0
github.com/paularlott/cli/configfile_typed.go:381.9,381.41 1 0
github.com/paularlott/cli/configfile_typed.go:381.41,383.4 1 0
github.com/paularlott/cli/configfile_typed.go:383.9,383.40 1 0
github.com/paularlott/cli/configfile_typed.go:383.40,385.4 1 0
github.com/paularlott/cli/configfile_typed.go:386.14,387.35 1 0
github.com/paularlott/cli/configfile_typed.go:387.35,389.4 1 0
github.com/paularlott/cli/configfile_typed.go:389.9,389.38 1 0
github.com/paularlott/cli/configfile_typed.go:389.38,391.4 1 0
github.com/paularlott/cli/configfile_typed.go:391.9,391.40 1 0
github.com/paularlott/cli/configfile_typed.go:391.40,393.4 1 0
github.com/paularlott/cli/configfile_typed.go:393.9,393.40 1 0
github.com/paularlott/cli/configfile_typed.go:393.40,395.4 1 0
github.com/paularlott/cli/configfile_typed.go:395.9,395.40 1 0
github.com/paularlott/cli/configfile_typed.go:395.40,397.4 1 0
github.com/paularlott/cli/configfile_typed.go:397.9,397.39 1 0
github.com/paularlott/cli/configfile_typed.go:397.39,399.4 1 0
github.com/paularlott/cli/configfile_typed.go:399.9,399.39 1 0
github.com/paularlott/cli/configfile_typed.go:399.39,401.4 1 0
github.com/paularlott/cli/configfile_typed.go:401.9,401.41 1 0
github.com/paularlott/cli/configfile_typed.go:401.41,403.4 1 0
github.com/paularlott/cli/configfile_typed.go:403.9,403.41 1 0
github.com/paularlott/cli/configfile_typed.go:403.41,405.4 1 0
github.com/paularlott/cli/configfile_typed.go:405.9,405.40 1 0
github.com/paularlott/cli/configfile_typed.go:405.40,407.4 1 0
github.com/paularlott/cli/configfile_typed.go:408.14,409.35 1 0
github.com/paularlott/cli/configfile_typed.go:409.35,411.4 1 0
github.com/paularlott/cli/configfile_typed.go:411.9,411.38 1 0
github.com/paularlott/cli/configfile_typed.go:411.38,413.4 1 0
github.com/paularlott/cli/configfile_typed.go:413.9,413.40 1 0
github.com/paularlott/cli/configfile_typed.go:413.40,415.4 1 0
github.com/paularlott/cli/configfile_typed.go:415.9,415.40 1 0
github.com/paularlott/cli/configfile_typed.go:415.40,417.4 1 0
github.com/paularlott/cli/configfile_typed.go:417.9,417.40 1 0
github.com/paularlott/cli/configfile_typed.go:417.40,419.4 1 0
github.com/paularlott/cli/configfile_typed.go:419.9,419.39 1 0
github.com/paularlott/cli/configfile_typed.go:419.39,421.4 1 0
github.com/paularlott/cli/configfile_typed.go:421.9,421.39 1 0
github.com/paularlott/cli/configfile_typed.go:421.39,423.4 1 0
github.com/paularlott/cli/configfile_typed.go:423.9,423.41 1 0
github.com/paularlott/cli/configfile_typed.go:423.41,425.4 1 0
github.com/paularlott/cli/configfile_typed.go:425.9,425.41 1 0
github.com/paularlott/cli/configfile_typed.go:425.41,427.4 1 0
github.com/paularlott/cli/configfile_typed.go:427.9,427.40 1 0
github.com/paularlott/cli/configfile_typed.go:427.40,429.4 1 0
github.com/paularlott/cli/configfile_typed.go:430.14,431.35 1 0
github.com/paularlott/cli/configfile_typed.go:431.35,433.4 1 0
github.com/paularlott/cli/configfile_typed.go:433.9,433.38 1 0
github.com/paularlott/cli/configfile_typed.go:433.38,435.4 1 0
github.com/paularlott/cli/configfile_typed.go:435.9,435.40 1 0
github.com/paularlott/cli/configfile_typed.go:435.40,437.4 1 0
github.com/paularlott/cli/configfile_typed.go:437.9,437.40 1 0
github.com/paularlott/cli/configfile_typed.go:437.40,439.4 1 0
github.com/paularlott/cli/configfile_typed.go:439.9,439.40 1 0
github.com/paularlott/cli/configfile_typed.go:439.40,441.4 1 0
github.com/paularlott/cli/configfile_typed.go:441.9,441.39 1 0
github.com/paularlott/cli/configfile_typed.go:441.39,443.4 1 0
github.com/paularlott/cli/configfile_typed.go:443.9,443.39 1 0
github.com/paularlott/cli/configfile_typed.go:443.39,445.4 1 0
github.com/paularlott/cli/configfile_typed.go:445.9,445.41 1 0
github.com/paularlott/cli/configfile_typed.go:445.41,447.4 1 0
github.com/paularlott/cli/configfile_typed.go:447.9,447.41 1 0
github.com/paularlott/cli/configfile_typed.go:447.41,449.4 1 0
github.com/paularlott/cli/configfile_typed.go:449.9,449.40 1 0
github.com/paularlott/cli/configfile_typed.go:449.40,451.4 1 0
github.com/paularlott/cli/configfile_typed.go:452.13,453.35 1 0
github.com/paularlott/cli/configfile_typed.go:453.35,455.4 1 0
github.com/paularlott/cli/configfile_typed.go:455.9,455.38 1 0
github.com/paularlott/cli/configfile_typed.go:455.38,457.4 1 0
github.com/paularlott/cli/configfile_typed.go:457.9,457.40 1 0
github.com/paularlott/cli/configfile_typed.go:457.40,459.4 1 0
github.com/paularlott/cli/configfile_typed.go:459.9,459.40 1 0
github.com/paularlott/cli/configfile_typed.go:459.40,461.4 1 0
github.com/paularlott/cli/configfile_typed.go:461.9,461.40 1 0
github.com/paularlott/cli/configfile_typed.go:461.40,463.4 1 0
github.com/paularlott/cli/configfile_typed.go:463.9,463.39 1 0
github.com/paularlott/cli/configfile_typed.go:463.39,465.4 1 0
github.com/paularlott/cli/configfile_typed.go:465.9,465.39 1 0
github.com/paularlott/cli/configfile_typed.go:465.39,467.4 1 0
github.com/paularlott/cli/configfile_typed.go:467.9,467.41 1 0
github.com/paularlott/cli/configfile_typed.go:467.41,469.4 1 0
github.com/paularlott/cli/configfile_typed.go:469.9,469.41 1 0
github.com/paularlott/cli/configfile_typed.go:469.41,471.4 1 0
github.com/paularlott/cli/configfile_typed.go:471.9,471.41 1 0
github.com/paularlott/cli/configfile_typed.go:471.41,473.4 1 0
github.com/paularlott/cli/configfile_typed.go:474.15,475.35 1 1
github.com/paularlott/cli/configfile_typed.go:475.35,477.4 1 1
github.com/paularlott/cli/configfile_typed.go:477.9,477.38 1 0
github.com/paularlott/cli/configfile_typed.go:477.38,479.4 1 0
github.com/paularlott/cli/configfile_typed.go:479.9,479.40 1 0
github.com/paularlott/cli/configfile_typed.go:479.40,481.4 1 0
github.com/paularlott/cli/configfile_typed.go:482.15,483.35 1 0
github.com/paularlott/cli/configfile_typed.go:483.35,485.4 1 0
github.com/paularlott/cli/configfile_typed.go:485.9,485.38 1 0
github.com/paularlott/cli/configfile_typed.go:485.38,487.4 1 0
github.com/paularlott/cli/configfile_typed.go:487.9,487.40 1 0
github.com/paularlott/cli/configfile_typed.go:487.40,489.4 1 0
github.com/paularlott/cli/configfile_typed.go:490.14,491.34 1 1
github.com/paularlott/cli/configfile_typed.go:491.34,493.4 1 0
github.com/paularlott/cli/configfile_typed.go:493.9,493.38 1 1
github.com/paularlott/cli/configfile_typed.go:493.38,495.4 1 1
github.com/paularlott/cli/configfile_typed.go:495.9,495.40 1 0
github.com/paularlott/cli/configfile_typed.go:495.40,497.4 1 0
github.com/paularlott/cli/configfile_typed.go:497.9,497.42 1 0
github.com/paularlott/cli/configfile_typed.go:497.42,499.4 1 0
github.com/paularlott/cli/configfile_typed.go:499.9,499.39 1 0
github.com/paularlott/cli/configfile_typed.go:499.39,501.4 1 0
github.com/paularlott/cli/configfile_typed.go:502.12,503.32 1 0
github.com/paularlott/cli/configfile_typed.go:503.32,505.4 1 0
github.com/paularlott/cli/configfile_typed.go:505.9,505.41 1 0
github.com/paularlott/cli/configfile_typed.go:505.41,507.30 1 0
github.com/paularlott/cli/configfile_typed.go:508.33,509.25 1 0
github.com/paularlott/cli/configfile_typed.go:510.33,511.26 1 0
github.com/paularlott/cli/configfile_typed.go:513.9,513.38 1 0
github.com/paularlott/cli/configfile_typed.go:513.38,515.4 1 0
github.com/paularlott/cli/configfile_typed.go:515.9,515.42 1 0
github.com/paularlott/cli/configfile_typed.go:515.42,517.4 1 0
github.com/paularlott/cli/configfile_typed.go:520.2,520.13 1 0
github.com/paularlott/cli/configfile_typed.go:524.39,526.2 1 0
github.com/paularlott/cli/configfile_typed.go:529.54,531.47 2 1
github.com/paularlott/cli/configfile_typed.go:531.47,534.3 2 1
github.com/paularlott/cli/configfile_typed.go:535.2,535.13 1 1
github.com/paularlott/cli/configfile_typed.go:539.61,540.47 1 1
github.com/paularlott/cli/configfile_typed.go:540.47,542.34 1 1
github.com/paularlott/cli/configfile_typed.go:542.34,544.4 1 1
github.com/paularlott/cli/configfile_typed.go:547.3,547.43 1 1
github.com/paularlott/cli/configfile_typed.go:547.43,549.26 2 1
github.com/paularlott/cli/configfile_typed.go:549.26,552.5 2 1
github.com/paularlott/cli/configfile_typed.go:553.4,553.17 1 1
github.com/paularlott/cli/configfile_typed.go:557.3,558.30 2 0
github.com/paularlott/cli/configfile_typed.go:558.30,560.4 1 0
github.com/paularlott/cli/configfile_typed.go:562.2,562.12 1 0
github.com/paularlott/cli/configfile_typed.go:565.64,567.2 1 1
github.com/paularlott/cli/configfile_typed.go:569.58,571.2 1 1
github.com/paularlott/cli/configfile_typed.go:573.62,575.2 1 1
github.com/paularlott/cli/configfile_typed.go:577.62,579.2 1 0
github.com/paularlott/cli/configfile_typed.go:581.62,583.2 1 0
github.com/paularlott/cli/configfile_typed.go:585.60,587.2 1 0
github.com/paularlott/cli/configfile_typed.go:589.60,591.2 1 0
github.com/paularlott/cli/configfile_typed.go:593.60,595.2 1 1
github.com/paularlott/cli/configfile_typed.go:597.64,599.2 1 0
github.com/paularlott/cli/configfile_typed.go:601.64,603.2 1 0
github.com/paularlott/cli/configfile_typed.go:605.64,607.2 1 0
github.com/paularlott/cli/configfile_typed.go:609.62,611.2 1 0
github.com/paularlott/cli/configfile_typed.go:613.66,615.2 1 1
github.com/paularlott/cli/configfile_typed.go:617.66,619.2 1 1
github.com/paularlott/cli/configfile_typed.go:621.71,623.2 1 1
github.com/paularlott/cli/configfile_typed.go:625.65,627.2 1 1
github.com/paularlott/cli/configfile_typed.go:629.69,631.2 1 0
github.com/paularlott/cli/configfile_typed.go:633.69,635.2 1 0
github.com/paularlott/cli/configfile_typed.go:637.69,639.2 1 0
github.com/paularlott/cli/configfile_typed.go:641.67,643.2 1 0
github.com/paularlott/cli/configfile_typed.go:645.67,647.2 1 0
github.com/paularlott/cli/configfile_typed.go:649.71,651.2 1 0
github.com/paularlott/cli/configfile_typed.go:653.71,655.2 1 0
github.com/paularlott/cli/configfile_typed.go:657.71,659.2 1 0
github.com/paularlott/cli/configfile_typed.go:661.69,663.2 1 0
github.com/paularlott/cli/configfile_typed.go:665.73,667.2 1 0
github.com/paularlott/cli/configfile_typed.go:669.73,671.2 1 0
github.com/paularlott/cli/configfile_typed.go:673.77,675.2 1 1
github.com/paularlott/cli/configfile_typed.go:677.71,679.2 1 1
github.com/paularlott/cli/configfile_typed.go:681.75,683.2 1 1
github.com/paularlott/cli/configfile_typed.go:685.75,687.2 1 0
github.com/paularlott/cli/configfile_typed.go:689.75,691.2 1 0
github.com/paularlott/cli/configfile_typed.go:693.73,695.2 1 0
github.com/paularlott/cli/configfile_typed.go:697.73,699.2 1 0
github.com/paularlott/cli/configfile_typed.go:701.77,703.2 1 0
github.com/paularlott/cli/configfile_typed.go:705.77,707.2 1 0
github.com/paularlott/cli/configfile_typed.go:709.77,711.2 1 0
github.com/paularlott/cli/configfile_typed.go:713.75,715.2 1 0
github.com/paularlott/cli/configfile_typed.go:717.79,719.2 1 0
github.com/paularlott/cli/configfile_typed.go:721.79,723.2 1 1
github.com/paularlott/cli/configfile_typed.go:725.73,727.2 1 1
github.com/paularlott/cli/configfile_typed.go:729.84,731.2 1 1
github.com/paularlott/cli/configfile_typed.go:733.78,735.2 1 0
github.com/paularlott/cli/configfile_typed.go:737.82,739.2 1 0
github.com/paularlott/cli/configfile_typed.go:741.82,743.2 1 0
github.com/paularlott/cli/configfile_typed.go:745.82,747.2 1 0
github.com/paularlott/cli/configfile_typed.go:749.80,751.2 1 0
github.com/paularlott/cli/configfile_typed.go:753.80,755.2 1 0
github.com/paularlott/cli/configfile_typed.go:757.84,759.2 1 0
github.com/paularlott/cli/configfile_typed.go:761.84,763.2 1 0
github.com/paularlott/cli/configfile_typed.go:765.84,767.2 1 0
github.com/paularlott/cli/configfile_typed.go:769.82,771.2 1 0
github.com/paularlott/cli/configfile_typed.go:773.86,775.2 1 0
github.com/paularlott/cli/configfile_typed.go:777.86,779.2 1 0
github.com/paularlott/cli/configfile_typed.go:781.51,783.2 1 0
github.com/paularlott/cli/configfile_typed.go:785.73,786.41 1 1
github.com/paularlott/cli/configfile_typed.go:786.41,787.43 1 1
github.com/paularlott/cli/configfile_typed.go:787.43,790.4 2 1
github.com/paularlott/cli/configfile_typed.go:792.2,792.12 1 1
github.com/paularlott/cli/configfile_typed.go:795.80,796.41 1 1
github.com/paularlott/cli/configfile_typed.go:796.41,798.33 1 1
github.com/paularlott/cli/configfile_typed.go:798.33,800.31 2 0
github.com/paularlott/cli/configfile_typed.go:800.31,801.48 1 0
github.com/paularlott/cli/configfile_typed.go:801.48,804.6 2 0
github.com/paularlott/cli/configfile_typed.go:806.4,806.18 1 0
github.com/paularlott/cli/configfile_typed.go:809.3,809.52 1 1
github.com/paularlott/cli/configfile_typed.go:809.52,811.31 2 1
github.com/paularlott/cli/configfile_typed.go:811.31,814.5 2 1
github.com/paularlott/cli/configfile_typed.go:815.4,815.18 1 1
github.com/paularlott/cli/configfile_typed.go:818.2,818.12 1 1
github.com/paularlott/cli/configfile_typed.go:823.84,824.16 1 1
github.com/paularlott/cli/configfile_typed.go:824.16,827.3 1 1
github.com/paularlott/cli/configfile_typed.go:831.2,831.54 1 1
github.com/paularlott/cli/configfile_typed.go:831.54,833.57 1 1
github.com/paularlott/cli/configfile_typed.go:833.57,835.4 1 1
github.com/paularlott/cli/configfile_typed.go:839.3,839.99 1 1
github.com/paularlott/cli/configfile_typed.go:842.2,842.56 1 0
github.com/paularlott/cli/configfile_typed.go:846.95,847.20 1 1
github.com/paularlott/cli/configfile_typed.go:847.20,850.3 1 0
github.com/paularlott/cli/configfile_typed.go:853.2,854.30 2 1
github.com/paularlott/cli/configfile_typed.go:854.30,855.17 1 1
github.com/paularlott/cli/configfile_typed.go:855.17,856.12 1 0
github.com/paularlott/cli/configfile_typed.go:859.3,859.55 1 1
github.com/paularlott/cli/configfile_typed.go:859.55,861.58 1 1
github.com/paularlott/cli/configfile_typed.go:861.58,863.5 1 1
github.com/paularlott/cli/configfile_typed.go:863.10,867.5 1 0
github.com/paularlott/cli/configfile_typed.go:868.9,870.4 1 0
github.com/paularlott/cli/configfile_typed.go:873.2,873.33 1 1
github.com/paularlott/cli/flags.go:78.41,80.2 1 1
github.com/paularlott/cli/flags.go:82.46,84.2 1 1
github.com/paularlott/cli/flags.go:86.40,88.2 1 1
github.com/paularlott/cli/flags.go:90.47,92.2 1 0
github.com/paularlott/cli/flags.go:94.39,96.2 1 1
github.com/paularlott/cli/flags.go:98.42,100.2 1 1
github.com/paularlott/cli/flags.go:102.40,104.2 1 1
github.com/paularlott/cli/flags.go:106.46,108.2 1 1
github.com/paularlott/cli/flags.go:110.50,112.2 1 1
github.com/paularlott/cli/flags.go:114.72,116.34 2 1
github.com/paularlott/cli/flags.go:116.34,117.22 1 1
github.com/paularlott/cli/flags.go:117.22,119.4 1 1
github.com/paularlott/cli/flags.go:119.9,121.4 1 0
github.com/paularlott/cli/flags.go:125.74,126.24 1 1
github.com/paularlott/cli/flags.go:126.24,127.36 1 1
github.com/paularlott/cli/flags.go:127.36,128.45 1 1
github.com/paularlott/cli/flags.go:128.45,130.20 1 1
github.com/paularlott/cli/flags.go:130.20,132.31 2 0
github.com/paularlott/cli/flags.go:132.31,135.7 2 0
github.com/paularlott/cli/flags.go:136.11,138.6 1 1
github.com/paularlott/cli/flags.go:139.5,139.11 1 1
github.com/paularlott/cli/flags.go:145.75,147.46 2 1
github.com/paularlott/cli/flags.go:147.46,149.24 2 1
github.com/paularlott/cli/flags.go:149.24,151.4 1 1
github.com/paularlott/cli/flags.go:155.55,156.27 1 1
github.com/paularlott/cli/flags.go:156.27,158.3 1 1
github.com/paularlott/cli/flags.go:159.2,159.12 1 1
github.com/paularlott/cli/flags.go:162.107,163.28 1 1
github.com/paularlott/cli/flags.go:164.19,166.24 2 1
github.com/paularlott/cli/flags.go:166.24,168.4 1 1
github.com/paularlott/cli/flags.go:170.16,172.17 2 1
github.com/paularlott/cli/flags.go:172.17,174.4 1 0
github.com/paularlott/cli/flags.go:175.3,176.24 2 1
github.com/paularlott/cli/flags.go:176.24,178.4 1 1
github.com/paularlott/cli/flags.go:180.17,182.17 2 1
github.com/paularlott/cli/flags.go:182.17,184.4 1 0
github.com/paularlott/cli/flags.go:185.3,186.24 2 1
github.com/paularlott/cli/flags.go:186.24,188.4 1 1
github.com/paularlott/cli/flags.go:190.18,192.17 2 1
github.com/paularlott/cli/flags.go:192.17,194.4 1 0
github.com/paularlott/cli/flags.go:195.3,196.24 2 1
github.com/paularlott/cli/flags.go:196.24,198.4 1 1
github.com/paularlott/cli/flags.go:200.18,202.17 2 1
github.com/paularlott/cli/flags.go:202.17,204.4 1 0
github.com/paularlott/cli/flags.go:205.3,206.24 2 1
github.com/paularlott/cli/flags.go:206.24,208.4 1 1
github.com/paularlott/cli/flags.go:210.18,212.17 2 1
github.com/paularlott/cli/flags.go:212.17,214.4 1 0
github.com/paularlott/cli/flags.go:215.3,216.24 2 1
github.com/paularlott/cli/flags.go:216.24,218.4 1 1
github.com/paularlott/cli/flags.go:220.17,222.17 2 1
github.com/paularlott/cli/flags.go:222.17,224.4 1 0
github.com/paularlott/cli/flags.go:225.3,226.24 2 1
github.com/paularlott/cli/flags.go:226.24,228.4 1 1
github.com/paularlott/cli/flags.go:230.18,232.17 2 1
github.com/paularlott/cli/flags.go:232.17,234.4 1 0
github.com/paularlott/cli/flags.go:235.3,236.24 2 1
github.com/paularlott/cli/flags.go:236.24,238.4 1 1
github.com/paularlott/cli/flags.go:240.19,242.17 2 1
github.com/paularlott/cli/flags.go:242.17,244.4 1 0
github.com/paularlott/cli/flags.go:245.3,246.24 2 1
github.com/paularlott/cli/flags.go:246.24,248.4 1 1
github.com/paularlott/cli/flags.go:250.19,252.17 2 1
github.com/paularlott/cli/flags.go:252.17,254.4 1 0
github.com/paularlott/cli/flags.go:255.3,256.24 2 1
github.com/paularlott/cli/flags.go:256.24,258.4 1 1
github.com/paularlott/cli/flags.go:260.19,262.17 2 1
github.com/paularlott/cli/flags.go:262.17,264.4 1 0
github.com/paularlott/cli/flags.go:265.3,266.24 2 1
github.com/paularlott/cli/flags.go:266.24,268.4 1 1
github.com/paularlott/cli/flags.go:270.20,272.17 2 1
github.com/paularlott/cli/flags.go:272.17,274.4 1 0
github.com/paularlott/cli/flags.go:275.3,276.24 2 1
github.com/paularlott/cli/flags.go:276.24,278.4 1 1
github.com/paularlott/cli/flags.go:280.20,282.17 2 1
github.com/paularlott/cli/flags.go:282.17,284.4 1 0
github.com/paularlott/cli/flags.go:285.3,286.24 2 1
github.com/paularlott/cli/flags.go:286.24,288.4 1 1
github.com/paularlott/cli/flags.go:290.17,291.15 1 1
github.com/paularlott/cli/flags.go:291.15,293.18 2 1
github.com/paularlott/cli/flags.go:293.18,295.5 1 0
github.com/paularlott/cli/flags.go:296.4,297.25 2 1
github.com/paularlott/cli/flags.go:297.25,299.5 1 1
github.com/paularlott/cli/flags.go:300.9,302.25 2 1
github.com/paularlott/cli/flags.go:302.25,304.5 1 1
github.com/paularlott/cli/flags.go:307.24,308.46 1 1
github.com/paularlott/cli/flags.go:308.46,310.4 1 1
github.com/paularlott/cli/flags.go:310.9,312.4 1 1
github.com/paularlott/cli/flags.go:314.3,314.24 1 1
github.com/paularlott/cli/flags.go:314.24,316.4 1 1
github.com/paularlott/cli/flags.go:318.21,320.17 2 1
github.com/paularlott/cli/flags.go:320.17,322.4 1 0
github.com/paularlott/cli/flags.go:324.3,324.46 1 1
github.com/paularlott/cli/flags.go:324.46,326.4 1 1
github.com/paularlott/cli/flags.go:326.9,328.4 1 1
github.com/paularlott/cli/flags.go:330.3,330.24 1 1
github.com/paularlott/cli/flags.go:330.24,332.4 1 1
github.com/paularlott/cli/flags.go:334.22,336.17 2 1
github.com/paularlott/cli/flags.go:336.17,338.4 1 0
github.com/paularlott/cli/flags.go:340.3,340.46 1 1
github.com/paularlott/cli/flags.go:340.46,342.4 1 1
github.com/paularlott/cli/flags.go:342.9,344.4 1 1
github.com/paularlott/cli/flags.go:346.3,346.24 1 1
github.com/paularlott/cli/flags.go:346.24,348.4 1 0
github.com/paularlott/cli/flags.go:350.23,352.17 2 1
github.com/paularlott/cli/flags.go:352.17,354.4 1 0
github.com/paularlott/cli/flags.go:356.3,356.46 1 1
github.com/paularlott/cli/flags.go:356.46,358.4 1 1
github.com/paularlott/cli/flags.go:358.9,360.4 1 1
github.com/paularlott/cli/flags.go:362.3,362.24 1 1
github.com/paularlott/cli/flags.go:362.24,364.4 1 0
github.com/paularlott/cli/flags.go:366.23,368.17 2 1
github.com/paularlott/cli/flags.go:368.17,370.4 1 0
github.com/paularlott/cli/flags.go:372.3,372.46 1 1
github.com/paularlott/cli/flags.go:372.46,374.4 1 1
github.com/paularlott/cli/flags.go:374.9,376.4 1 1
github.com/paularlott/cli/flags.go:378.3,378.24 1 1
github.com/paularlott/cli/flags.go:378.24,380.4 1 0
github.com/paularlott/cli/flags.go:382.23,384.17 2 1
github.com/paularlott/cli/flags.go:384.17,386.4 1 0
github.com/paularlott/cli/flags.go:387.3,387.46 1 1
github.com/paularlott/cli/flags.go:387.46,389.4 1 1
github.com/paularlott/cli/flags.go:389.9,391.4 1 1
github.com/paularlott/cli/flags.go:393.3,393.24 1 1
github.com/paularlott/cli/flags.go:393.24,395.4 1 0
github.com/paularlott/cli/flags.go:397.22,399.17 2 1
github.com/paularlott/cli/flags.go:399.17,401.4 1 0
github.com/paularlott/cli/flags.go:403.3,403.46 1 1
github.com/paularlott/cli/flags.go:403.46,405.4 1 1
github.com/paularlott/cli/flags.go:405.9,407.4 1 1
github.com/paularlott/cli/flags.go:409.3,409.24 1 1
github.com/paularlott/cli/flags.go:409.24,411.4 1 0
github.com/paularlott/cli/flags.go:413.23,415.17 2 1
github.com/paularlott/cli/flags.go:415.17,417.4 1 0
github.com/paularlott/cli/flags.go:419.3,419.46 1 1
github.com/paularlott/cli/flags.go:419.46,421.4 1 1
github.com/paularlott/cli/flags.go:421.9,423.4 1 1
github.com/paularlott/cli/flags.go:425.3,425.24 1 1
github.com/paularlott/cli/flags.go:425.24,427.4 1 0
github.com/paularlott/cli/flags.go:429.24,431.17 2 1
github.com/paularlott/cli/flags.go:431.17,433.4 1 0
github.com/paularlott/cli/flags.go:435.3,435.46 1 1
github.com/paularlott/cli/flags.go:435.46,437.4 1 1
github.com/paularlott/cli/flags.go:437.9,439.4 1 1
github.com/paularlott/cli/flags.go:441.3,441.24 1 1
github.com/paularlott/cli/flags.go:441.24,443.4 1 0
github.com/paularlott/cli/flags.go:445.24,447.17 2 1
github.com/paularlott/cli/flags.go:447.17,449.4 1 0
github.com/paularlott/cli/flags.go:451.3,451.46 1 1
github.com/paularlott/cli/flags.go:451.46,453.4 1 1
github.com/paularlott/cli/flags.go:453.9,455.4 1 1
github.com/paularlott/cli/flags.go:457.3,457.24 1 1
github.com/paularlott/cli/flags.go:457.24,459.4 1 0
github.com/paularlott/cli/flags.go:461.24,463.17 2 1
github.com/paularlott/cli/flags.go:463.17,465.4 1 0
github.com/paularlott/cli/flags.go:467.3,467.46 1 1
github.com/paularlott/cli/flags.go:467.46,469.4 1 1
github.com/paularlott/cli/flags.go:469.9,471.4 1 1
github.com/paularlott/cli/flags.go:473.3,473.24 1 1
github.com/paularlott/cli/flags.go:473.24,475.4 1 0
github.com/paularlott/cli/flags.go:477.25,479.17 2 1
github.com/paularlott/cli/flags.go:479.17,481.4 1 0
github.com/paularlott/cli/flags.go:483.3,483.46 1 1
github.com/paularlott/cli/flags.go:483.46,485.4 1 1
github.com/paularlott/cli/flags.go:485.9,487.4 1 1
github.com/paularlott/cli/flags.go:489.3,489.24 1 1
github.com/paularlott/cli/flags.go:489.24,491.4 1 0
github.com/paularlott/cli/flags.go:493.25,495.17 2 1
github.com/paularlott/cli/flags.go:495.17,497.4 1 0
github.com/paularlott/cli/flags.go:499.3,499.46 1 1
github.com/paularlott/cli/flags.go:499.46,501.4 1 1
github.com/paularlott/cli/flags.go:501.9,503.4 1 1
github.com/paularlott/cli/flags.go:505.3,505.24 1 1
github.com/paularlott/cli/flags.go:505.24,507.4 1 0
github.com/paularlott/cli/flags.go:510.2,510.12 1 1
github.com/paularlott/cli/flags.go:513.48,517.17 2 1
github.com/paularlott/cli/flags.go:517.17,519.3 1 1
github.com/paularlott/cli/flags.go:522.2,525.50 2 1
github.com/paularlott/cli/flags.go:525.50,530.39 2 1
github.com/paularlott/cli/flags.go:530.39,531.23 1 0
github.com/paularlott/cli/flags.go:531.23,533.5 1 0
github.com/paularlott/cli/flags.go:533.10,535.5 1 0
github.com/paularlott/cli/flags.go:537.8,542.35 2 1
github.com/paularlott/cli/flags.go:542.35,543.23 1 0
github.com/paularlott/cli/flags.go:543.23,545.5 1 0
github.com/paularlott/cli/flags.go:545.10,547.5 1 0
github.com/paularlott/cli/flags.go:551.2,551.15 1 1
github.com/paularlott/cli/flags.go:554.42,556.2 1 1
github.com/paularlott/cli/flags.go:558.50,559.19 1 1
github.com/paularlott/cli/flags.go:559.19,561.3 1 1
github.com/paularlott/cli/flags.go:563.2,563.25 1 1
github.com/paularlott/cli/flags.go:563.25,565.3 1 0
github.com/paularlott/cli/flags.go:568.2,569.45 2 1
github.com/paularlott/cli/flags.go:569.45,571.3 1 1
github.com/paularlott/cli/flags.go:574.2,574.42 1 0
github.com/paularlott/cli/flags.go:577.42,579.2 1 1
github.com/paularlott/cli/utils.go:8.44,12.14 2 1
github.com/paularlott/cli/utils.go:12.14,14.3 1 1
github.com/paularlott/cli/utils.go:16.2,16.18 1 1
github.com/paularlott/cli/utils.go:17.22,18.18 1 1
github.com/paularlott/cli/utils.go:19.78,20.15 1 1
github.com/paularlott/cli/utils.go:21.83,22.16 1 1
github.com/paularlott/cli/utils.go:23.40,24.17 1 1
github.com/paularlott/cli/utils.go:25.20,26.16 1 1
github.com/paularlott/cli/utils.go:27.21,28.40 1 1
github.com/paularlott/cli/utils.go:28.40,30.4 1 1
github.com/paularlott/cli/utils.go:30.9,30.116 1 1
github.com/paularlott/cli/utils.go:30.116,32.4 1 1
github.com/paularlott/cli/utils.go:32.9,32.86 1 1
github.com/paularlott/cli/utils.go:32.86,34.4 1 1
github.com/paularlott/cli/utils.go:35.3,35.18 1 1
github.com/paularlott/cli/utils.go:36.10,37.17 1 0
github.com/paularlott/cli/utils.go:42.33,44.2 1 1
