mode: set
github.com/paularlott/cli/tui/example/main.go:21.13,29.20 2 0
github.com/paularlott/cli/tui/example/main.go:29.20,30.23 1 0
github.com/paularlott/cli/tui/example/main.go:30.23,33.5 2 0
github.com/paularlott/cli/tui/example/main.go:33.10,35.5 1 0
github.com/paularlott/cli/tui/example/main.go:41.33,41.45 1 0
github.com/paularlott/cli/tui/example/main.go:46.29,62.8 3 0
github.com/paularlott/cli/tui/example/main.go:62.8,64.7 1 0
github.com/paularlott/cli/tui/example/main.go:65.6,65.71 1 0
github.com/paularlott/cli/tui/example/main.go:71.33,71.52 1 0
github.com/paularlott/cli/tui/example/main.go:76.32,78.6 1 0
github.com/paularlott/cli/tui/example/main.go:84.32,86.13 2 0
github.com/paularlott/cli/tui/example/main.go:86.13,89.7 2 0
github.com/paularlott/cli/tui/example/main.go:90.6,91.62 2 0
github.com/paularlott/cli/tui/example/main.go:97.29,121.16 2 0
github.com/paularlott/cli/tui/example/main.go:121.16,123.36 2 0
github.com/paularlott/cli/tui/example/main.go:123.36,124.28 1 0
github.com/paularlott/cli/tui/example/main.go:124.28,126.9 1 0
github.com/paularlott/cli/tui/example/main.go:127.8,128.41 2 0
github.com/paularlott/cli/tui/example/main.go:130.7,130.26 1 0
github.com/paularlott/cli/tui/example/main.go:130.26,132.8 1 0
github.com/paularlott/cli/tui/example/main.go:139.29,141.6 1 0
github.com/paularlott/cli/tui/example/main.go:146.29,147.16 1 0
github.com/paularlott/cli/tui/example/main.go:147.16,152.7 4 0
github.com/paularlott/cli/tui/example/main.go:158.29,159.16 1 0
github.com/paularlott/cli/tui/example/main.go:159.16,160.33 1 0
github.com/paularlott/cli/tui/example/main.go:160.33,163.8 2 0
github.com/paularlott/cli/tui/example/main.go:164.7,165.57 2 0
github.com/paularlott/cli/tui/example/main.go:172.29,174.6 1 0
github.com/paularlott/cli/tui/example/main.go:179.29,186.88 1 0
github.com/paularlott/cli/tui/example/main.go:186.88,187.56 1 0
github.com/paularlott/cli/tui/example/main.go:187.56,189.12 1 0
github.com/paularlott/cli/tui/example/main.go:191.86,192.56 1 0
github.com/paularlott/cli/tui/example/main.go:192.56,194.12 1 0
github.com/paularlott/cli/tui/example/main.go:196.86,197.56 1 0
github.com/paularlott/cli/tui/example/main.go:197.56,199.12 1 0
github.com/paularlott/cli/tui/example/main.go:209.57,211.12 1 0
github.com/paularlott/cli/tui/example/main.go:216.57,218.12 1 0
github.com/paularlott/cli/tui/example/main.go:224.51,226.10 1 0
github.com/paularlott/cli/tui/example/main.go:233.31,236.4 2 0
github.com/paularlott/cli/tui/example/main.go:239.2,241.52 2 0
github.com/paularlott/cli/tui/example/main.go:241.52,244.3 2 0
github.com/paularlott/cli/tui/ansi.go:10.40,10.89 1 1
github.com/paularlott/cli/tui/ansi.go:11.40,11.61 1 1
github.com/paularlott/cli/tui/ansi.go:12.40,12.61 1 1
github.com/paularlott/cli/tui/ansi.go:13.40,13.63 1 1
github.com/paularlott/cli/tui/ansi.go:14.40,14.63 1 0
github.com/paularlott/cli/tui/ansi.go:15.40,15.60 1 0
github.com/paularlott/cli/tui/ansi.go:17.25,18.12 1 1
github.com/paularlott/cli/tui/ansi.go:18.12,20.3 1 1
github.com/paularlott/cli/tui/ansi.go:21.2,24.54 4 1
github.com/paularlott/cli/tui/ansi.go:27.25,28.12 1 1
github.com/paularlott/cli/tui/ansi.go:28.12,30.3 1 1
github.com/paularlott/cli/tui/ansi.go:31.2,34.54 4 1
github.com/paularlott/cli/tui/ansi.go:37.23,37.44 1 1
github.com/paularlott/cli/tui/ansi.go:38.23,38.44 1 0
github.com/paularlott/cli/tui/ansi.go:39.23,39.44 1 1
github.com/paularlott/cli/tui/commands.go:27.43,29.2 1 1
github.com/paularlott/cli/tui/commands.go:31.38,34.2 2 1
github.com/paularlott/cli/tui/commands.go:36.27,45.2 8 1
github.com/paularlott/cli/tui/commands.go:47.40,50.49 2 1
github.com/paularlott/cli/tui/commands.go:50.49,53.32 3 1
github.com/paularlott/cli/tui/commands.go:53.32,54.41 1 1
github.com/paularlott/cli/tui/commands.go:54.41,57.29 3 1
github.com/paularlott/cli/tui/commands.go:57.29,59.6 1 1
github.com/paularlott/cli/tui/commands.go:59.11,61.6 1 1
github.com/paularlott/cli/tui/commands.go:62.4,62.29 1 1
github.com/paularlott/cli/tui/commands.go:62.29,63.58 1 1
github.com/paularlott/cli/tui/commands.go:63.58,65.7 1 1
github.com/paularlott/cli/tui/commands.go:67.5,67.41 1 1
github.com/paularlott/cli/tui/commands.go:67.41,70.6 2 0
github.com/paularlott/cli/tui/commands.go:71.5,71.11 1 1
github.com/paularlott/cli/tui/commands.go:75.3,78.9 4 0
github.com/paularlott/cli/tui/commands.go:80.2,83.23 4 1
github.com/paularlott/cli/tui/commands.go:83.23,85.3 1 1
github.com/paularlott/cli/tui/commands.go:85.8,87.3 1 1
github.com/paularlott/cli/tui/commands.go:88.2,88.31 1 1
github.com/paularlott/cli/tui/commands.go:88.31,89.54 1 1
github.com/paularlott/cli/tui/commands.go:89.54,91.4 1 1
github.com/paularlott/cli/tui/commands.go:93.2,93.35 1 1
github.com/paularlott/cli/tui/commands.go:93.35,96.3 2 0
github.com/paularlott/cli/tui/commands.go:99.28,100.20 1 1
github.com/paularlott/cli/tui/commands.go:100.20,102.29 2 1
github.com/paularlott/cli/tui/commands.go:102.29,104.4 1 0
github.com/paularlott/cli/tui/commands.go:108.41,110.15 2 1
github.com/paularlott/cli/tui/commands.go:110.15,112.3 1 0
github.com/paularlott/cli/tui/commands.go:113.2,113.22 1 1
github.com/paularlott/cli/tui/commands.go:113.22,115.38 2 1
github.com/paularlott/cli/tui/commands.go:115.38,117.4 1 0
github.com/paularlott/cli/tui/commands.go:123.46,124.15 1 1
github.com/paularlott/cli/tui/commands.go:124.15,125.30 1 0
github.com/paularlott/cli/tui/commands.go:125.30,127.4 1 0
github.com/paularlott/cli/tui/commands.go:128.3,128.18 1 0
github.com/paularlott/cli/tui/commands.go:130.2,130.26 1 1
github.com/paularlott/cli/tui/commands.go:130.26,132.3 1 0
github.com/paularlott/cli/tui/commands.go:133.2,133.31 1 1
github.com/paularlott/cli/tui/commands.go:137.40,138.50 1 1
github.com/paularlott/cli/tui/commands.go:138.50,140.3 1 1
github.com/paularlott/cli/tui/commands.go:141.2,141.11 1 0
github.com/paularlott/cli/tui/commands.go:146.88,147.15 1 0
github.com/paularlott/cli/tui/commands.go:147.15,149.3 1 0
github.com/paularlott/cli/tui/commands.go:150.2,150.15 1 0
github.com/paularlott/cli/tui/commands.go:150.15,151.30 1 0
github.com/paularlott/cli/tui/commands.go:151.30,153.4 1 0
github.com/paularlott/cli/tui/commands.go:154.3,155.29 2 0
github.com/paularlott/cli/tui/commands.go:155.29,157.4 1 0
github.com/paularlott/cli/tui/commands.go:158.3,158.29 1 0
github.com/paularlott/cli/tui/commands.go:158.29,161.33 3 0
github.com/paularlott/cli/tui/commands.go:161.33,163.5 1 0
github.com/paularlott/cli/tui/commands.go:163.10,165.5 1 0
github.com/paularlott/cli/tui/commands.go:167.3,170.26 4 0
github.com/paularlott/cli/tui/commands.go:172.2,172.26 1 0
github.com/paularlott/cli/tui/commands.go:172.26,174.3 1 0
github.com/paularlott/cli/tui/commands.go:175.2,176.28 2 0
github.com/paularlott/cli/tui/commands.go:176.28,178.3 1 0
github.com/paularlott/cli/tui/commands.go:179.2,179.30 1 0
github.com/paularlott/cli/tui/commands.go:179.30,182.32 3 0
github.com/paularlott/cli/tui/commands.go:182.32,185.4 2 0
github.com/paularlott/cli/tui/commands.go:185.9,188.4 2 0
github.com/paularlott/cli/tui/commands.go:190.2,193.25 4 0
github.com/paularlott/cli/tui/input.go:15.32,17.2 1 1
github.com/paularlott/cli/tui/input.go:19.29,26.2 6 1
github.com/paularlott/cli/tui/input.go:29.46,30.16 1 1
github.com/paularlott/cli/tui/input.go:30.16,32.3 1 0
github.com/paularlott/cli/tui/input.go:34.2,34.63 1 1
github.com/paularlott/cli/tui/input.go:34.63,36.3 1 1
github.com/paularlott/cli/tui/input.go:37.2,37.37 1 1
github.com/paularlott/cli/tui/input.go:42.38,43.39 1 1
github.com/paularlott/cli/tui/input.go:43.39,45.3 1 0
github.com/paularlott/cli/tui/input.go:46.2,46.20 1 1
github.com/paularlott/cli/tui/input.go:46.20,49.3 2 1
github.com/paularlott/cli/tui/input.go:49.8,49.25 1 1
github.com/paularlott/cli/tui/input.go:49.25,51.3 1 1
github.com/paularlott/cli/tui/input.go:51.8,53.3 1 1
github.com/paularlott/cli/tui/input.go:54.2,55.13 2 1
github.com/paularlott/cli/tui/input.go:60.40,61.20 1 1
github.com/paularlott/cli/tui/input.go:61.20,63.3 1 0
github.com/paularlott/cli/tui/input.go:64.2,64.29 1 1
github.com/paularlott/cli/tui/input.go:64.29,66.3 1 0
github.com/paularlott/cli/tui/input.go:67.2,67.33 1 1
github.com/paularlott/cli/tui/input.go:67.33,70.3 2 1
github.com/paularlott/cli/tui/input.go:70.8,73.3 2 0
github.com/paularlott/cli/tui/input.go:74.2,74.13 1 1
github.com/paularlott/cli/tui/input.go:77.43,80.26 3 1
github.com/paularlott/cli/tui/input.go:80.26,82.3 1 1
github.com/paularlott/cli/tui/input.go:83.2,85.15 3 1
github.com/paularlott/cli/tui/input.go:88.35,90.28 2 1
github.com/paularlott/cli/tui/input.go:90.28,92.3 1 1
github.com/paularlott/cli/tui/input.go:93.2,93.34 1 1
github.com/paularlott/cli/tui/input.go:96.40,104.2 7 1
github.com/paularlott/cli/tui/input.go:106.37,120.2 13 1
github.com/paularlott/cli/tui/input.go:122.33,123.15 1 1
github.com/paularlott/cli/tui/input.go:123.15,127.3 3 1
github.com/paularlott/cli/tui/input.go:127.8,127.22 1 1
github.com/paularlott/cli/tui/input.go:127.22,134.3 6 1
github.com/paularlott/cli/tui/input.go:137.37,139.23 2 1
github.com/paularlott/cli/tui/input.go:139.23,141.3 1 1
github.com/paularlott/cli/tui/input.go:141.8,141.35 1 0
github.com/paularlott/cli/tui/input.go:141.35,144.3 2 0
github.com/paularlott/cli/tui/input.go:147.32,148.15 1 1
github.com/paularlott/cli/tui/input.go:148.15,150.3 1 1
github.com/paularlott/cli/tui/input.go:150.8,150.22 1 0
github.com/paularlott/cli/tui/input.go:150.22,153.3 2 0
github.com/paularlott/cli/tui/input.go:156.33,157.33 1 1
github.com/paularlott/cli/tui/input.go:157.33,159.3 1 1
github.com/paularlott/cli/tui/input.go:159.8,159.35 1 0
github.com/paularlott/cli/tui/input.go:159.35,162.3 2 0
github.com/paularlott/cli/tui/input.go:165.30,166.15 1 0
github.com/paularlott/cli/tui/input.go:166.15,168.34 2 0
github.com/paularlott/cli/tui/input.go:168.34,170.4 1 0
github.com/paularlott/cli/tui/input.go:174.32,175.28 1 0
github.com/paularlott/cli/tui/input.go:175.28,177.34 2 0
github.com/paularlott/cli/tui/input.go:177.34,179.4 1 0
github.com/paularlott/cli/tui/input.go:183.28,183.41 1 1
github.com/paularlott/cli/tui/input.go:184.28,184.59 1 1
github.com/paularlott/cli/tui/input.go:187.29,189.2 1 1
github.com/paularlott/cli/tui/input.go:192.29,195.2 2 1
github.com/paularlott/cli/tui/input.go:198.29,201.32 3 1
github.com/paularlott/cli/tui/input.go:201.32,203.3 1 0
github.com/paularlott/cli/tui/input.go:204.2,204.32 1 1
github.com/paularlott/cli/tui/input.go:204.32,206.3 1 1
github.com/paularlott/cli/tui/input.go:207.2,208.11 2 1
github.com/paularlott/cli/tui/input.go:213.108,215.16 2 1
github.com/paularlott/cli/tui/input.go:215.16,217.3 1 0
github.com/paularlott/cli/tui/input.go:218.2,218.24 1 1
github.com/paularlott/cli/tui/input.go:218.24,220.3 1 0
github.com/paularlott/cli/tui/input.go:221.2,224.23 2 1
github.com/paularlott/cli/tui/input.go:224.23,226.3 1 0
github.com/paularlott/cli/tui/input.go:227.2,227.31 1 1
github.com/paularlott/cli/tui/input.go:227.31,229.3 1 0
github.com/paularlott/cli/tui/input.go:231.2,232.18 2 1
github.com/paularlott/cli/tui/input.go:232.18,234.3 1 0
github.com/paularlott/cli/tui/input.go:237.2,239.19 3 1
github.com/paularlott/cli/tui/input.go:239.19,241.3 1 1
github.com/paularlott/cli/tui/input.go:241.8,245.16 4 1
github.com/paularlott/cli/tui/input.go:245.16,247.4 1 0
github.com/paularlott/cli/tui/input.go:248.3,248.134 1 1
github.com/paularlott/cli/tui/input.go:252.2,252.30 1 1
github.com/paularlott/cli/tui/input.go:252.30,258.29 6 1
github.com/paularlott/cli/tui/input.go:258.29,260.20 2 1
github.com/paularlott/cli/tui/input.go:260.20,262.5 1 1
github.com/paularlott/cli/tui/input.go:262.10,264.5 1 0
github.com/paularlott/cli/tui/input.go:265.4,266.37 2 1
github.com/paularlott/cli/tui/input.go:267.9,269.4 1 0
github.com/paularlott/cli/tui/input.go:270.3,270.54 1 1
github.com/paularlott/cli/tui/input.go:270.54,272.4 1 1
github.com/paularlott/cli/tui/input.go:273.3,273.45 1 1
github.com/paularlott/cli/tui/input.go:277.2,281.15 4 1
github.com/paularlott/cli/tui/input.go:286.79,289.27 2 1
github.com/paularlott/cli/tui/input.go:289.27,291.3 1 0
github.com/paularlott/cli/tui/input.go:292.2,294.55 3 1
github.com/paularlott/cli/tui/input.go:294.55,296.25 2 0
github.com/paularlott/cli/tui/input.go:296.25,300.4 3 0
github.com/paularlott/cli/tui/input.go:300.9,302.4 1 0
github.com/paularlott/cli/tui/input.go:303.3,303.12 1 0
github.com/paularlott/cli/tui/input.go:305.2,305.50 1 1
github.com/paularlott/cli/tui/input.go:305.50,310.3 4 1
github.com/paularlott/cli/tui/input.go:311.2,311.19 1 1
github.com/paularlott/cli/tui/input.go:315.37,317.28 2 1
github.com/paularlott/cli/tui/input.go:317.28,319.3 1 1
github.com/paularlott/cli/tui/input.go:320.2,320.10 1 1
github.com/paularlott/cli/tui/menu.go:37.39,39.2 1 1
github.com/paularlott/cli/tui/menu.go:41.43,41.79 1 1
github.com/paularlott/cli/tui/menu.go:43.36,45.2 1 1
github.com/paularlott/cli/tui/menu.go:48.33,49.24 1 1
github.com/paularlott/cli/tui/menu.go:49.24,51.3 1 1
github.com/paularlott/cli/tui/menu.go:52.2,53.13 2 1
github.com/paularlott/cli/tui/menu.go:56.42,58.26 2 1
github.com/paularlott/cli/tui/menu.go:58.26,60.3 1 0
github.com/paularlott/cli/tui/menu.go:61.2,61.21 1 1
github.com/paularlott/cli/tui/menu.go:61.21,63.31 2 1
github.com/paularlott/cli/tui/menu.go:63.31,65.4 1 0
github.com/paularlott/cli/tui/menu.go:69.44,71.26 2 1
github.com/paularlott/cli/tui/menu.go:71.26,73.3 1 0
github.com/paularlott/cli/tui/menu.go:74.2,75.23 2 1
github.com/paularlott/cli/tui/menu.go:75.23,77.40 2 1
github.com/paularlott/cli/tui/menu.go:77.40,79.4 1 0
github.com/paularlott/cli/tui/menu.go:84.86,90.18 3 1
github.com/paularlott/cli/tui/menu.go:90.18,92.3 1 0
github.com/paularlott/cli/tui/menu.go:95.2,96.23 2 1
github.com/paularlott/cli/tui/menu.go:96.23,98.30 2 0
github.com/paularlott/cli/tui/menu.go:98.30,100.4 1 0
github.com/paularlott/cli/tui/menu.go:101.3,101.39 1 0
github.com/paularlott/cli/tui/menu.go:104.2,118.13 11 1
github.com/paularlott/cli/tui/menu.go:118.13,120.3 1 0
github.com/paularlott/cli/tui/menu.go:121.2,127.26 6 1
github.com/paularlott/cli/tui/menu.go:127.26,133.19 5 1
github.com/paularlott/cli/tui/menu.go:133.19,135.4 1 0
github.com/paularlott/cli/tui/menu.go:136.3,147.19 10 1
github.com/paularlott/cli/tui/menu.go:147.19,149.4 1 0
github.com/paularlott/cli/tui/menu.go:150.3,156.33 5 1
github.com/paularlott/cli/tui/menu.go:156.33,161.4 4 1
github.com/paularlott/cli/tui/menu.go:164.3,168.18 5 1
github.com/paularlott/cli/tui/menu.go:168.18,170.4 1 0
github.com/paularlott/cli/tui/menu.go:171.3,174.8 4 1
github.com/paularlott/cli/tui/menu.go:175.8,179.23 3 1
github.com/paularlott/cli/tui/menu.go:179.23,181.4 1 1
github.com/paularlott/cli/tui/menu.go:182.3,182.37 1 1
github.com/paularlott/cli/tui/menu.go:182.37,188.24 6 1
github.com/paularlott/cli/tui/menu.go:188.24,190.50 2 1
github.com/paularlott/cli/tui/menu.go:190.50,192.6 1 0
github.com/paularlott/cli/tui/menu.go:193.5,193.28 1 1
github.com/paularlott/cli/tui/menu.go:194.10,196.50 2 1
github.com/paularlott/cli/tui/menu.go:196.50,198.6 1 0
github.com/paularlott/cli/tui/menu.go:199.5,199.28 1 1
github.com/paularlott/cli/tui/menu.go:201.4,204.35 4 1
github.com/paularlott/cli/tui/menu.go:204.35,206.5 1 1
github.com/paularlott/cli/tui/menu.go:207.4,208.9 2 1
github.com/paularlott/cli/tui/menu.go:212.3,212.33 1 1
github.com/paularlott/cli/tui/menu.go:212.33,217.4 4 1
github.com/paularlott/cli/tui/menu.go:220.3,223.24 4 1
github.com/paularlott/cli/tui/menu.go:223.24,225.4 1 0
github.com/paularlott/cli/tui/menu.go:225.9,227.4 1 1
github.com/paularlott/cli/tui/menu.go:228.3,229.18 2 1
github.com/paularlott/cli/tui/menu.go:229.18,231.4 1 0
github.com/paularlott/cli/tui/menu.go:232.3,235.8 4 1
github.com/paularlott/cli/tui/menu.go:239.2,241.84 3 1
github.com/paularlott/cli/tui/output.go:33.69,35.2 1 1
github.com/paularlott/cli/tui/output.go:38.78,40.2 1 1
github.com/paularlott/cli/tui/output.go:43.41,45.2 1 1
github.com/paularlott/cli/tui/output.go:48.55,50.2 1 1
github.com/paularlott/cli/tui/output.go:53.50,54.24 1 1
github.com/paularlott/cli/tui/output.go:54.24,56.3 1 1
github.com/paularlott/cli/tui/output.go:60.41,61.24 1 1
github.com/paularlott/cli/tui/output.go:61.24,65.3 2 1
github.com/paularlott/cli/tui/output.go:69.32,73.2 3 1
github.com/paularlott/cli/tui/output.go:75.42,75.62 1 1
github.com/paularlott/cli/tui/output.go:76.42,78.21 2 1
github.com/paularlott/cli/tui/output.go:78.21,80.3 1 1
github.com/paularlott/cli/tui/output.go:85.88,89.24 3 1
github.com/paularlott/cli/tui/output.go:89.24,91.3 1 0
github.com/paularlott/cli/tui/output.go:93.2,94.24 2 1
github.com/paularlott/cli/tui/output.go:94.24,96.3 1 0
github.com/paularlott/cli/tui/output.go:98.2,100.16 3 1
github.com/paularlott/cli/tui/output.go:100.16,102.3 1 1
github.com/paularlott/cli/tui/output.go:103.2,103.26 1 1
github.com/paularlott/cli/tui/output.go:103.26,105.3 1 0
github.com/paularlott/cli/tui/output.go:107.2,108.15 2 1
github.com/paularlott/cli/tui/output.go:108.15,110.3 1 1
github.com/paularlott/cli/tui/output.go:111.2,112.17 2 1
github.com/paularlott/cli/tui/output.go:112.17,114.3 1 1
github.com/paularlott/cli/tui/output.go:116.2,116.31 1 1
github.com/paularlott/cli/tui/output.go:116.31,121.3 4 0
github.com/paularlott/cli/tui/output.go:122.2,122.40 1 1
github.com/paularlott/cli/tui/output.go:122.40,125.3 2 1
github.com/paularlott/cli/tui/output.go:129.105,137.23 6 1
github.com/paularlott/cli/tui/output.go:137.23,139.16 2 1
github.com/paularlott/cli/tui/output.go:139.16,141.9 2 1
github.com/paularlott/cli/tui/output.go:143.3,143.14 1 1
github.com/paularlott/cli/tui/output.go:143.14,145.4 1 1
github.com/paularlott/cli/tui/output.go:146.3,148.16 3 1
github.com/paularlott/cli/tui/output.go:148.16,151.9 2 0
github.com/paularlott/cli/tui/output.go:153.3,155.53 2 1
github.com/paularlott/cli/tui/output.go:155.53,157.4 1 1
github.com/paularlott/cli/tui/output.go:158.3,159.28 2 1
github.com/paularlott/cli/tui/output.go:162.2,163.14 2 1
github.com/paularlott/cli/tui/output.go:166.100,168.19 2 1
github.com/paularlott/cli/tui/output.go:168.19,170.3 1 0
github.com/paularlott/cli/tui/output.go:170.8,171.17 1 1
github.com/paularlott/cli/tui/output.go:172.22,173.38 1 1
github.com/paularlott/cli/tui/output.go:174.17,175.33 1 0
github.com/paularlott/cli/tui/output.go:176.11,177.35 1 0
github.com/paularlott/cli/tui/output.go:180.2,181.14 2 1
github.com/paularlott/cli/tui/output.go:181.14,183.3 1 0
github.com/paularlott/cli/tui/output.go:184.2,195.19 12 1
github.com/paularlott/cli/tui/output.go:198.74,201.22 3 1
github.com/paularlott/cli/tui/output.go:201.22,203.3 1 0
github.com/paularlott/cli/tui/output.go:204.2,204.74 1 1
github.com/paularlott/cli/tui/output.go:204.74,210.3 5 1
github.com/paularlott/cli/tui/output.go:211.2,211.14 1 1
github.com/paularlott/cli/tui/output.go:214.61,218.74 4 1
github.com/paularlott/cli/tui/output.go:218.74,225.59 6 1
github.com/paularlott/cli/tui/output.go:225.59,227.4 1 1
github.com/paularlott/cli/tui/output.go:228.3,229.36 2 1
github.com/paularlott/cli/tui/output.go:231.2,232.14 2 1
github.com/paularlott/cli/tui/output.go:236.39,238.24 1 1
github.com/paularlott/cli/tui/output.go:238.24,240.3 1 1
github.com/paularlott/cli/tui/output.go:241.2,241.39 1 1
github.com/paularlott/cli/tui/output.go:244.44,246.21 2 1
github.com/paularlott/cli/tui/output.go:246.21,248.3 1 0
github.com/paularlott/cli/tui/output.go:249.2,249.26 1 1
github.com/paularlott/cli/tui/output.go:252.31,254.2 1 1
github.com/paularlott/cli/tui/output.go:256.33,259.22 3 1
github.com/paularlott/cli/tui/output.go:259.22,260.12 1 1
github.com/paularlott/cli/tui/output.go:260.12,261.56 1 1
github.com/paularlott/cli/tui/output.go:261.56,263.5 1 1
github.com/paularlott/cli/tui/output.go:264.4,264.12 1 1
github.com/paularlott/cli/tui/output.go:266.3,266.18 1 1
github.com/paularlott/cli/tui/output.go:266.18,268.12 2 1
github.com/paularlott/cli/tui/output.go:270.3,270.17 1 1
github.com/paularlott/cli/tui/output.go:272.2,272.19 1 1
github.com/paularlott/cli/tui/theme.go:116.46,119.2 2 1
github.com/paularlott/cli/tui/theme.go:122.30,124.2 1 1
github.com/paularlott/cli/tui/tui.go:132.27,133.22 1 1
github.com/paularlott/cli/tui/tui.go:133.22,135.3 1 1
github.com/paularlott/cli/tui/tui.go:136.2,136.25 1 1
github.com/paularlott/cli/tui/tui.go:136.25,138.3 1 1
github.com/paularlott/cli/tui/tui.go:139.2,139.30 1 1
github.com/paularlott/cli/tui/tui.go:139.30,141.3 1 1
github.com/paularlott/cli/tui/tui.go:142.2,142.27 1 1
github.com/paularlott/cli/tui/tui.go:142.27,144.3 1 1
github.com/paularlott/cli/tui/tui.go:146.2,146.32 1 1
github.com/paularlott/cli/tui/tui.go:146.32,148.3 1 0
github.com/paularlott/cli/tui/tui.go:150.2,162.10 3 1
github.com/paularlott/cli/tui/tui.go:166.33,171.2 4 0
github.com/paularlott/cli/tui/tui.go:174.27,179.2 4 0
github.com/paularlott/cli/tui/tui.go:183.41,187.2 3 0
github.com/paularlott/cli/tui/tui.go:191.22,195.2 3 1
github.com/paularlott/cli/tui/tui.go:198.69,203.2 4 0
github.com/paularlott/cli/tui/tui.go:206.60,211.2 4 0
github.com/paularlott/cli/tui/tui.go:214.34,218.2 3 1
github.com/paularlott/cli/tui/tui.go:221.32,226.2 4 0
github.com/paularlott/cli/tui/tui.go:229.46,234.2 4 0
github.com/paularlott/cli/tui/tui.go:237.41,242.2 4 0
github.com/paularlott/cli/tui/tui.go:245.31,248.31 3 1
github.com/paularlott/cli/tui/tui.go:248.31,251.3 2 0
github.com/paularlott/cli/tui/tui.go:255.32,260.2 4 0
github.com/paularlott/cli/tui/tui.go:262.35,264.2 1 1
github.com/paularlott/cli/tui/tui.go:267.29,272.2 4 0
github.com/paularlott/cli/tui/tui.go:275.25,279.2 3 0
github.com/paularlott/cli/tui/tui.go:282.45,288.2 5 0
github.com/paularlott/cli/tui/tui.go:291.39,296.2 4 0
github.com/paularlott/cli/tui/tui.go:299.40,304.2 4 0
github.com/paularlott/cli/tui/tui.go:308.41,310.26 2 0
github.com/paularlott/cli/tui/tui.go:310.26,312.3 1 0
github.com/paularlott/cli/tui/tui.go:313.2,320.12 7 0
github.com/paularlott/cli/tui/tui.go:320.12,323.7 3 0
github.com/paularlott/cli/tui/tui.go:323.7,324.11 1 0
github.com/paularlott/cli/tui/tui.go:325.16,326.11 1 0
github.com/paularlott/cli/tui/tui.go:327.20,331.18 4 0
github.com/paularlott/cli/tui/tui.go:338.29,341.26 3 0
github.com/paularlott/cli/tui/tui.go:341.26,344.3 2 0
github.com/paularlott/cli/tui/tui.go:345.2,346.10 2 0
github.com/paularlott/cli/tui/tui.go:351.56,354.26 3 1
github.com/paularlott/cli/tui/tui.go:354.26,358.3 3 0
github.com/paularlott/cli/tui/tui.go:359.2,359.15 1 1
github.com/paularlott/cli/tui/tui.go:359.15,361.3 1 1
github.com/paularlott/cli/tui/tui.go:362.2,362.15 1 1
github.com/paularlott/cli/tui/tui.go:362.15,364.3 1 1
github.com/paularlott/cli/tui/tui.go:365.2,367.10 3 1
github.com/paularlott/cli/tui/tui.go:371.31,376.2 4 1
github.com/paularlott/cli/tui/tui.go:379.38,380.18 1 1
github.com/paularlott/cli/tui/tui.go:380.18,382.3 1 1
github.com/paularlott/cli/tui/tui.go:383.2,386.10 4 0
github.com/paularlott/cli/tui/tui.go:390.46,397.16 6 0
github.com/paularlott/cli/tui/tui.go:397.16,399.3 1 0
github.com/paularlott/cli/tui/tui.go:400.2,407.12 6 0
github.com/paularlott/cli/tui/tui.go:407.12,408.19 1 0
github.com/paularlott/cli/tui/tui.go:408.19,412.4 3 0
github.com/paularlott/cli/tui/tui.go:415.2,422.12 5 0
github.com/paularlott/cli/tui/tui.go:422.12,427.3 4 0
github.com/paularlott/cli/tui/tui.go:429.2,430.6 2 0
github.com/paularlott/cli/tui/tui.go:430.6,434.11 4 0
github.com/paularlott/cli/tui/tui.go:434.11,435.9 1 0
github.com/paularlott/cli/tui/tui.go:437.3,438.17 2 0
github.com/paularlott/cli/tui/tui.go:438.17,439.9 1 0
github.com/paularlott/cli/tui/tui.go:441.3,445.16 5 0
github.com/paularlott/cli/tui/tui.go:445.16,447.4 1 0
github.com/paularlott/cli/tui/tui.go:449.2,449.12 1 0
github.com/paularlott/cli/tui/tui.go:452.25,453.23 1 0
github.com/paularlott/cli/tui/tui.go:453.23,455.3 1 0
github.com/paularlott/cli/tui/tui.go:456.2,456.53 1 0
github.com/paularlott/cli/tui/tui.go:459.24,461.35 2 1
github.com/paularlott/cli/tui/tui.go:461.35,463.3 1 1
github.com/paularlott/cli/tui/tui.go:464.2,465.14 2 1
github.com/paularlott/cli/tui/tui.go:469.36,471.11 2 1
github.com/paularlott/cli/tui/tui.go:471.11,473.3 1 0
github.com/paularlott/cli/tui/tui.go:474.2,475.13 2 1
github.com/paularlott/cli/tui/tui.go:475.13,477.3 1 0
github.com/paularlott/cli/tui/tui.go:478.2,478.13 1 1
github.com/paularlott/cli/tui/tui.go:478.13,480.3 1 0
github.com/paularlott/cli/tui/tui.go:481.2,481.10 1 1
github.com/paularlott/cli/tui/tui.go:485.35,486.23 1 1
github.com/paularlott/cli/tui/tui.go:486.23,488.3 1 1
github.com/paularlott/cli/tui/tui.go:489.2,490.23 2 0
github.com/paularlott/cli/tui/tui.go:490.23,492.3 1 0
github.com/paularlott/cli/tui/tui.go:492.8,494.3 1 0
github.com/paularlott/cli/tui/tui.go:495.2,495.12 1 0
github.com/paularlott/cli/tui/tui.go:495.12,497.3 1 0
github.com/paularlott/cli/tui/tui.go:498.2,498.11 1 0
github.com/paularlott/cli/tui/tui.go:498.11,500.3 1 0
github.com/paularlott/cli/tui/tui.go:501.2,501.14 1 0
github.com/paularlott/cli/tui/tui.go:504.22,511.19 5 1
github.com/paularlott/cli/tui/tui.go:511.19,514.3 1 0
github.com/paularlott/cli/tui/tui.go:514.8,514.29 1 1
github.com/paularlott/cli/tui/tui.go:514.29,516.26 2 1
github.com/paularlott/cli/tui/tui.go:516.26,518.4 1 0
github.com/paularlott/cli/tui/tui.go:519.3,519.47 1 1
github.com/paularlott/cli/tui/tui.go:520.8,522.3 1 0
github.com/paularlott/cli/tui/tui.go:523.2,524.17 2 1
github.com/paularlott/cli/tui/tui.go:524.17,526.3 1 0
github.com/paularlott/cli/tui/tui.go:528.2,539.40 6 1
github.com/paularlott/cli/tui/tui.go:539.40,543.29 4 0
github.com/paularlott/cli/tui/tui.go:543.29,546.16 3 0
github.com/paularlott/cli/tui/tui.go:546.16,548.5 1 0
github.com/paularlott/cli/tui/tui.go:549.4,549.104 1 0
github.com/paularlott/cli/tui/tui.go:550.9,552.4 1 0
github.com/paularlott/cli/tui/tui.go:553.3,554.8 2 0
github.com/paularlott/cli/tui/tui.go:558.2,559.39 2 1
github.com/paularlott/cli/tui/tui.go:559.39,560.10 1 1
github.com/paularlott/cli/tui/tui.go:561.31,562.58 1 0
github.com/paularlott/cli/tui/tui.go:563.28,564.70 1 0
github.com/paularlott/cli/tui/tui.go:565.24,569.142 4 1
github.com/paularlott/cli/tui/tui.go:570.32,571.36 1 0
github.com/paularlott/cli/tui/tui.go:576.2,576.19 1 1
github.com/paularlott/cli/tui/tui.go:576.19,579.3 2 0
github.com/paularlott/cli/tui/tui.go:579.8,580.43 1 1
github.com/paularlott/cli/tui/tui.go:580.43,583.4 2 0
github.com/paularlott/cli/tui/tui.go:586.3,586.23 1 1
github.com/paularlott/cli/tui/tui.go:586.23,591.27 3 1
github.com/paularlott/cli/tui/tui.go:591.27,596.16 5 0
github.com/paularlott/cli/tui/tui.go:596.16,598.6 1 0
github.com/paularlott/cli/tui/tui.go:599.5,602.10 4 0
github.com/paularlott/cli/tui/tui.go:608.2,614.25 6 1
github.com/paularlott/cli/tui/tui.go:617.44,619.30 1 0
github.com/paularlott/cli/tui/tui.go:619.30,622.3 2 0
github.com/paularlott/cli/tui/tui.go:625.2,625.19 1 0
github.com/paularlott/cli/tui/tui.go:625.19,628.27 2 0
github.com/paularlott/cli/tui/tui.go:628.27,629.50 1 0
github.com/paularlott/cli/tui/tui.go:629.50,630.17 1 0
github.com/paularlott/cli/tui/tui.go:631.14,632.36 1 0
github.com/paularlott/cli/tui/tui.go:632.36,634.7 1 0
github.com/paularlott/cli/tui/tui.go:635.14,636.36 1 0
github.com/paularlott/cli/tui/tui.go:636.36,638.7 1 0
github.com/paularlott/cli/tui/tui.go:640.5,640.15 1 0
github.com/paularlott/cli/tui/tui.go:642.4,642.35 1 0
github.com/paularlott/cli/tui/tui.go:642.35,646.5 3 0
github.com/paularlott/cli/tui/tui.go:647.4,647.53 1 0
github.com/paularlott/cli/tui/tui.go:647.53,653.29 6 0
github.com/paularlott/cli/tui/tui.go:653.29,654.20 1 0
github.com/paularlott/cli/tui/tui.go:654.20,654.50 1 0
github.com/paularlott/cli/tui/tui.go:656.5,656.15 1 0
github.com/paularlott/cli/tui/tui.go:658.4,658.53 1 0
github.com/paularlott/cli/tui/tui.go:658.53,659.30 1 0
github.com/paularlott/cli/tui/tui.go:659.30,661.6 1 0
github.com/paularlott/cli/tui/tui.go:662.5,662.15 1 0
github.com/paularlott/cli/tui/tui.go:664.4,664.32 1 0
github.com/paularlott/cli/tui/tui.go:664.32,665.18 1 0
github.com/paularlott/cli/tui/tui.go:665.18,667.6 1 0
github.com/paularlott/cli/tui/tui.go:669.4,669.14 1 0
github.com/paularlott/cli/tui/tui.go:672.3,672.49 1 0
github.com/paularlott/cli/tui/tui.go:672.49,673.16 1 0
github.com/paularlott/cli/tui/tui.go:674.13,675.21 1 0
github.com/paularlott/cli/tui/tui.go:676.13,677.23 1 0
github.com/paularlott/cli/tui/tui.go:678.13,679.35 1 0
github.com/paularlott/cli/tui/tui.go:679.35,681.6 1 0
github.com/paularlott/cli/tui/tui.go:682.13,683.35 1 0
github.com/paularlott/cli/tui/tui.go:683.35,685.6 1 0
github.com/paularlott/cli/tui/tui.go:686.13,687.20 1 0
github.com/paularlott/cli/tui/tui.go:687.20,688.25 1 0
github.com/paularlott/cli/tui/tui.go:689.14,690.27 1 0
github.com/paularlott/cli/tui/tui.go:691.14,692.29 1 0
github.com/paularlott/cli/tui/tui.go:696.4,696.14 1 0
github.com/paularlott/cli/tui/tui.go:698.3,698.34 1 0
github.com/paularlott/cli/tui/tui.go:698.34,699.21 1 0
github.com/paularlott/cli/tui/tui.go:699.21,701.5 1 0
github.com/paularlott/cli/tui/tui.go:702.4,702.14 1 0
github.com/paularlott/cli/tui/tui.go:704.3,704.52 1 0
github.com/paularlott/cli/tui/tui.go:704.52,705.40 1 0
github.com/paularlott/cli/tui/tui.go:705.40,707.29 2 0
github.com/paularlott/cli/tui/tui.go:707.29,709.6 1 0
github.com/paularlott/cli/tui/tui.go:709.11,709.33 1 0
github.com/paularlott/cli/tui/tui.go:709.33,712.6 2 0
github.com/paularlott/cli/tui/tui.go:712.11,714.30 2 0
github.com/paularlott/cli/tui/tui.go:714.30,715.21 1 0
github.com/paularlott/cli/tui/tui.go:715.21,715.48 1 0
github.com/paularlott/cli/tui/tui.go:719.4,719.14 1 0
github.com/paularlott/cli/tui/tui.go:721.3,721.13 1 0
github.com/paularlott/cli/tui/tui.go:725.2,725.48 1 0
github.com/paularlott/cli/tui/tui.go:725.48,726.15 1 0
github.com/paularlott/cli/tui/tui.go:727.12,728.44 1 0
github.com/paularlott/cli/tui/tui.go:728.44,730.5 1 0
github.com/paularlott/cli/tui/tui.go:730.10,730.56 1 0
github.com/paularlott/cli/tui/tui.go:730.56,732.5 1 0
github.com/paularlott/cli/tui/tui.go:733.4,733.14 1 0
github.com/paularlott/cli/tui/tui.go:734.12,735.44 1 0
github.com/paularlott/cli/tui/tui.go:735.44,737.5 1 0
github.com/paularlott/cli/tui/tui.go:737.10,737.58 1 0
github.com/paularlott/cli/tui/tui.go:737.58,739.5 1 0
github.com/paularlott/cli/tui/tui.go:740.4,740.14 1 0
github.com/paularlott/cli/tui/tui.go:741.12,743.14 2 0
github.com/paularlott/cli/tui/tui.go:744.12,746.14 2 0
github.com/paularlott/cli/tui/tui.go:747.12,749.14 2 0
github.com/paularlott/cli/tui/tui.go:750.12,752.14 2 0
github.com/paularlott/cli/tui/tui.go:753.12,754.52 1 0
github.com/paularlott/cli/tui/tui.go:754.52,756.5 1 0
github.com/paularlott/cli/tui/tui.go:757.4,757.14 1 0
github.com/paularlott/cli/tui/tui.go:758.12,759.34 1 0
github.com/paularlott/cli/tui/tui.go:759.34,761.5 1 0
github.com/paularlott/cli/tui/tui.go:762.4,762.14 1 0
github.com/paularlott/cli/tui/tui.go:763.12,764.34 1 0
github.com/paularlott/cli/tui/tui.go:764.34,766.5 1 0
github.com/paularlott/cli/tui/tui.go:767.4,767.14 1 0
github.com/paularlott/cli/tui/tui.go:768.12,769.34 1 0
github.com/paularlott/cli/tui/tui.go:769.34,771.5 1 0
github.com/paularlott/cli/tui/tui.go:772.4,772.14 1 0
github.com/paularlott/cli/tui/tui.go:773.12,774.19 1 0
github.com/paularlott/cli/tui/tui.go:774.19,775.24 1 0
github.com/paularlott/cli/tui/tui.go:776.13,777.26 1 0
github.com/paularlott/cli/tui/tui.go:778.13,779.28 1 0
github.com/paularlott/cli/tui/tui.go:782.4,782.14 1 0
github.com/paularlott/cli/tui/tui.go:785.3,785.18 1 0
github.com/paularlott/cli/tui/tui.go:785.18,787.64 2 0
github.com/paularlott/cli/tui/tui.go:787.64,789.24 2 0
github.com/paularlott/cli/tui/tui.go:789.24,790.22 1 0
github.com/paularlott/cli/tui/tui.go:791.16,792.27 1 0
github.com/paularlott/cli/tui/tui.go:793.16,794.29 1 0
github.com/paularlott/cli/tui/tui.go:798.4,798.14 1 0
github.com/paularlott/cli/tui/tui.go:800.3,800.13 1 0
github.com/paularlott/cli/tui/tui.go:804.2,804.33 1 0
github.com/paularlott/cli/tui/tui.go:804.33,805.43 1 0
github.com/paularlott/cli/tui/tui.go:805.43,808.4 2 0
github.com/paularlott/cli/tui/tui.go:808.9,808.35 1 0
github.com/paularlott/cli/tui/tui.go:808.35,810.18 2 0
github.com/paularlott/cli/tui/tui.go:810.18,810.26 1 0
github.com/paularlott/cli/tui/tui.go:812.3,812.13 1 0
github.com/paularlott/cli/tui/tui.go:815.2,815.23 1 0
github.com/paularlott/cli/tui/tui.go:815.23,817.3 1 0
github.com/paularlott/cli/tui/tui.go:820.2,820.33 1 0
github.com/paularlott/cli/tui/tui.go:820.33,821.23 1 0
github.com/paularlott/cli/tui/tui.go:821.23,822.25 1 0
github.com/paularlott/cli/tui/tui.go:822.25,823.50 1 0
github.com/paularlott/cli/tui/tui.go:823.50,825.55 2 0
github.com/paularlott/cli/tui/tui.go:825.55,827.47 2 0
github.com/paularlott/cli/tui/tui.go:827.47,829.8 1 0
github.com/paularlott/cli/tui/tui.go:830.7,830.43 1 0
github.com/paularlott/cli/tui/tui.go:833.10,833.61 1 0
github.com/paularlott/cli/tui/tui.go:833.61,835.44 2 0
github.com/paularlott/cli/tui/tui.go:835.44,837.6 1 0
github.com/paularlott/cli/tui/tui.go:838.5,838.37 1 0
github.com/paularlott/cli/tui/tui.go:841.3,841.13 1 0
github.com/paularlott/cli/tui/tui.go:845.2,845.51 1 0
github.com/paularlott/cli/tui/tui.go:845.51,846.23 1 0
github.com/paularlott/cli/tui/tui.go:846.23,847.25 1 0
github.com/paularlott/cli/tui/tui.go:847.25,848.50 1 0
github.com/paularlott/cli/tui/tui.go:848.50,852.20 4 0
github.com/paularlott/cli/tui/tui.go:852.20,852.40 1 0
github.com/paularlott/cli/tui/tui.go:854.10,854.61 1 0
github.com/paularlott/cli/tui/tui.go:854.61,857.67 3 0
github.com/paularlott/cli/tui/tui.go:857.67,859.6 1 0
github.com/paularlott/cli/tui/tui.go:860.5,862.19 3 0
github.com/paularlott/cli/tui/tui.go:862.19,862.40 1 0
github.com/paularlott/cli/tui/tui.go:865.4,865.21 1 0
github.com/paularlott/cli/tui/tui.go:867.3,870.17 4 0
github.com/paularlott/cli/tui/tui.go:870.17,872.4 1 0
github.com/paularlott/cli/tui/tui.go:874.3,874.35 1 0
github.com/paularlott/cli/tui/tui.go:874.35,878.22 4 0
github.com/paularlott/cli/tui/tui.go:878.22,880.5 1 0
github.com/paularlott/cli/tui/tui.go:881.4,881.43 1 0
github.com/paularlott/cli/tui/tui.go:881.43,882.25 1 0
github.com/paularlott/cli/tui/tui.go:882.25,883.20 1 0
github.com/paularlott/cli/tui/tui.go:883.20,883.41 1 0
github.com/paularlott/cli/tui/tui.go:887.4,888.18 2 0
github.com/paularlott/cli/tui/tui.go:888.18,893.5 4 0
github.com/paularlott/cli/tui/tui.go:895.3,895.28 1 0
github.com/paularlott/cli/tui/tui.go:895.28,897.18 2 0
github.com/paularlott/cli/tui/tui.go:897.18,897.30 1 0
github.com/paularlott/cli/tui/tui.go:899.3,899.13 1 0
github.com/paularlott/cli/tui/tui.go:903.2,904.46 1 0
github.com/paularlott/cli/tui/tui.go:904.46,907.3 2 0
github.com/paularlott/cli/tui/tui.go:910.2,910.51 1 0
github.com/paularlott/cli/tui/tui.go:910.51,911.23 1 0
github.com/paularlott/cli/tui/tui.go:911.23,912.44 1 0
github.com/paularlott/cli/tui/tui.go:912.44,914.5 1 0
github.com/paularlott/cli/tui/tui.go:915.4,916.24 2 0
github.com/paularlott/cli/tui/tui.go:916.24,918.5 1 0
github.com/paularlott/cli/tui/tui.go:919.9,921.4 1 0
github.com/paularlott/cli/tui/tui.go:922.3,922.13 1 0
github.com/paularlott/cli/tui/tui.go:926.2,926.17 1 0
github.com/paularlott/cli/tui/tui.go:926.17,927.15 1 0
github.com/paularlott/cli/tui/tui.go:928.10,930.14 2 0
github.com/paularlott/cli/tui/tui.go:931.11,933.14 2 0
github.com/paularlott/cli/tui/tui.go:934.11,936.14 2 0
github.com/paularlott/cli/tui/tui.go:937.11,939.14 2 0
github.com/paularlott/cli/tui/tui.go:944.2,945.22 2 0
github.com/paularlott/cli/tui/tui.go:945.22,946.15 1 0
github.com/paularlott/cli/tui/tui.go:946.15,947.12 1 0
github.com/paularlott/cli/tui/tui.go:949.3,949.24 1 0
github.com/paularlott/cli/tui/tui.go:953.2,954.34 2 0
github.com/paularlott/cli/tui/tui.go:954.34,956.24 2 0
github.com/paularlott/cli/tui/tui.go:956.24,958.4 1 0
github.com/paularlott/cli/tui/tui.go:958.9,960.4 1 0
github.com/paularlott/cli/tui/tui.go:961.8,961.29 1 0
github.com/paularlott/cli/tui/tui.go:961.29,963.3 1 0
github.com/paularlott/cli/tui/tui.go:964.2,964.12 1 0
